[2022-03-18 19:48:55,194] {taskinstance.py:876} INFO - Dependencies all met for <TaskInstance: parallel_dag.processing_task.task_2 2022-03-18T14:18:08.915997+00:00 [queued]>
[2022-03-18 19:48:55,276] {taskinstance.py:876} INFO - Dependencies all met for <TaskInstance: parallel_dag.processing_task.task_2 2022-03-18T14:18:08.915997+00:00 [queued]>
[2022-03-18 19:48:55,276] {taskinstance.py:1067} INFO - 
--------------------------------------------------------------------------------
[2022-03-18 19:48:55,277] {taskinstance.py:1068} INFO - Starting attempt 1 of 1
[2022-03-18 19:48:55,279] {taskinstance.py:1069} INFO - 
--------------------------------------------------------------------------------
[2022-03-18 19:48:55,603] {taskinstance.py:1087} INFO - Executing <Task(BashOperator): task_2> on 2022-03-18T14:18:08.915997+00:00
[2022-03-18 19:48:55,630] {standard_task_runner.py:52} INFO - Started process 26682 to run task
[2022-03-18 19:48:55,651] {standard_task_runner.py:76} INFO - Running: ['airflow', 'tasks', 'run', 'parallel_dag.processing_task', 'task_2', '2022-03-18T14:18:08.915997+00:00', '--job-id', '27', '--pool', 'default_pool', '--raw', '--subdir', 'DAGS_FOLDER/parallel_dag.py', '--cfg-path', '/tmp/tmph0__r4s9', '--error-file', '/tmp/tmpqb5i46wv']
[2022-03-18 19:48:55,658] {standard_task_runner.py:77} INFO - Job 27: Subtask task_2
[2022-03-18 19:48:55,937] {logging_mixin.py:104} INFO - Running <TaskInstance: parallel_dag.processing_task.task_2 2022-03-18T14:18:08.915997+00:00 [running]> on host pc
[2022-03-18 19:48:56,172] {taskinstance.py:1282} INFO - Exporting the following env vars:
AIRFLOW_CTX_DAG_OWNER=airflow
AIRFLOW_CTX_DAG_ID=parallel_dag.processing_task
AIRFLOW_CTX_TASK_ID=task_2
AIRFLOW_CTX_EXECUTION_DATE=2022-03-18T14:18:08.915997+00:00
AIRFLOW_CTX_DAG_RUN_ID=scheduled__2022-03-18T14:18:08.915997+00:00
[2022-03-18 19:48:56,173] {subprocess.py:52} INFO - Tmp dir root location: 
 /tmp
[2022-03-18 19:48:56,174] {subprocess.py:63} INFO - Running command: ['bash', '-c', 'sleep 3']
[2022-03-18 19:48:56,182] {subprocess.py:75} INFO - Output:
[2022-03-18 19:48:59,185] {subprocess.py:83} INFO - Command exited with return code 0
[2022-03-18 19:48:59,258] {taskinstance.py:1191} INFO - Marking task as SUCCESS. dag_id=parallel_dag.processing_task, task_id=task_2, execution_date=20220318T141808, start_date=20220318T141855, end_date=20220318T141859
[2022-03-18 19:48:59,437] {taskinstance.py:1245} INFO - 0 downstream tasks scheduled from follow-on schedule check
[2022-03-18 19:48:59,487] {local_task_job.py:151} INFO - Task exited with return code 0
