[2022-03-18 22:03:44,462] {taskinstance.py:876} INFO - Dependencies all met for <TaskInstance: xcom_dag.task_4 2022-03-18T16:32:37.146666+00:00 [queued]>
[2022-03-18 22:03:44,528] {taskinstance.py:876} INFO - Dependencies all met for <TaskInstance: xcom_dag.task_4 2022-03-18T16:32:37.146666+00:00 [queued]>
[2022-03-18 22:03:44,528] {taskinstance.py:1067} INFO - 
--------------------------------------------------------------------------------
[2022-03-18 22:03:44,528] {taskinstance.py:1068} INFO - Starting attempt 1 of 1
[2022-03-18 22:03:44,532] {taskinstance.py:1069} INFO - 
--------------------------------------------------------------------------------
[2022-03-18 22:03:44,572] {taskinstance.py:1087} INFO - Executing <Task(PythonOperator): task_4> on 2022-03-18T16:32:37.146666+00:00
[2022-03-18 22:03:44,582] {standard_task_runner.py:52} INFO - Started process 16146 to run task
[2022-03-18 22:03:44,593] {standard_task_runner.py:76} INFO - Running: ['airflow', 'tasks', 'run', 'xcom_dag', 'task_4', '2022-03-18T16:32:37.146666+00:00', '--job-id', '89', '--pool', 'default_pool', '--raw', '--subdir', 'DAGS_FOLDER/xcom_dag.py', '--cfg-path', '/tmp/tmp39uy1qor', '--error-file', '/tmp/tmp41zhv3cm']
[2022-03-18 22:03:44,597] {standard_task_runner.py:77} INFO - Job 89: Subtask task_4
[2022-03-18 22:03:44,726] {logging_mixin.py:104} INFO - Running <TaskInstance: xcom_dag.task_4 2022-03-18T16:32:37.146666+00:00 [running]> on host pc
[2022-03-18 22:03:44,936] {taskinstance.py:1282} INFO - Exporting the following env vars:
AIRFLOW_CTX_DAG_OWNER=airflow
AIRFLOW_CTX_DAG_ID=xcom_dag
AIRFLOW_CTX_TASK_ID=task_4
AIRFLOW_CTX_EXECUTION_DATE=2022-03-18T16:32:37.146666+00:00
AIRFLOW_CTX_DAG_RUN_ID=manual__2022-03-18T16:32:37.146666+00:00
[2022-03-18 22:03:44,971] {logging_mixin.py:104} INFO - accuracies are [5.751068128795254, 0.19288770181190662, 0.32217639649397256]
[2022-03-18 22:03:44,972] {logging_mixin.py:104} INFO - best is 5.751068128795254
[2022-03-18 22:03:45,025] {python.py:151} INFO - Done. Returned value was: None
[2022-03-18 22:03:45,059] {taskinstance.py:1191} INFO - Marking task as SUCCESS. dag_id=xcom_dag, task_id=task_4, execution_date=20220318T163237, start_date=20220318T163344, end_date=20220318T163345
[2022-03-18 22:03:45,147] {taskinstance.py:1245} INFO - 1 downstream tasks scheduled from follow-on schedule check
[2022-03-18 22:03:45,167] {local_task_job.py:151} INFO - Task exited with return code 0
