[2022-03-18 19:48:53,519] {taskinstance.py:876} INFO - Dependencies all met for <TaskInstance: parallel_dag.processing_task 2022-03-18T14:18:08.915997+00:00 [queued]>
[2022-03-18 19:48:53,622] {taskinstance.py:876} INFO - Dependencies all met for <TaskInstance: parallel_dag.processing_task 2022-03-18T14:18:08.915997+00:00 [queued]>
[2022-03-18 19:48:53,623] {taskinstance.py:1067} INFO - 
--------------------------------------------------------------------------------
[2022-03-18 19:48:53,623] {taskinstance.py:1068} INFO - Starting attempt 1 of 1
[2022-03-18 19:48:53,629] {taskinstance.py:1069} INFO - 
--------------------------------------------------------------------------------
[2022-03-18 19:48:53,669] {taskinstance.py:1087} INFO - Executing <Task(SubDagOperator): processing_task> on 2022-03-18T14:18:08.915997+00:00
[2022-03-18 19:48:53,687] {standard_task_runner.py:52} INFO - Started process 26534 to run task
[2022-03-18 19:48:53,712] {standard_task_runner.py:76} INFO - Running: ['airflow', 'tasks', 'run', 'parallel_dag', 'processing_task', '2022-03-18T14:18:08.915997+00:00', '--job-id', '23', '--pool', 'default_pool', '--raw', '--subdir', 'DAGS_FOLDER/parallel_dag.py', '--cfg-path', '/tmp/tmprndy5n1g', '--error-file', '/tmp/tmpvnzgs06g']
[2022-03-18 19:48:53,717] {standard_task_runner.py:77} INFO - Job 23: Subtask processing_task
[2022-03-18 19:48:53,858] {logging_mixin.py:104} INFO - Running <TaskInstance: parallel_dag.processing_task 2022-03-18T14:18:08.915997+00:00 [running]> on host pc
[2022-03-18 19:48:54,067] {taskinstance.py:1282} INFO - Exporting the following env vars:
AIRFLOW_CTX_DAG_OWNER=airflow
AIRFLOW_CTX_DAG_ID=parallel_dag
AIRFLOW_CTX_TASK_ID=processing_task
AIRFLOW_CTX_EXECUTION_DATE=2022-03-18T14:18:08.915997+00:00
AIRFLOW_CTX_DAG_RUN_ID=manual__2022-03-18T14:18:08.915997+00:00
[2022-03-18 19:48:54,144] {subdag.py:155} INFO - Created DagRun: scheduled__2022-03-18T14:18:08.915997+00:00
[2022-03-18 19:49:54,253] {base.py:243} INFO - Success criteria met. Exiting.
[2022-03-18 19:49:54,278] {subdag.py:169} INFO - Execution finished. State is success
[2022-03-18 19:49:54,311] {taskinstance.py:1191} INFO - Marking task as SUCCESS. dag_id=parallel_dag, task_id=processing_task, execution_date=20220318T141808, start_date=20220318T141853, end_date=20220318T141954
[2022-03-18 19:49:54,388] {taskinstance.py:1245} INFO - 1 downstream tasks scheduled from follow-on schedule check
[2022-03-18 19:49:54,414] {local_task_job.py:151} INFO - Task exited with return code 0
