[2022-03-18 20:56:25,618] {taskinstance.py:876} INFO - Dependencies all met for <TaskInstance: xcom_dag.processing_tasks.training_model_a 2022-03-17T00:00:00+00:00 [queued]>
[2022-03-18 20:56:25,671] {taskinstance.py:876} INFO - Dependencies all met for <TaskInstance: xcom_dag.processing_tasks.training_model_a 2022-03-17T00:00:00+00:00 [queued]>
[2022-03-18 20:56:25,671] {taskinstance.py:1067} INFO - 
--------------------------------------------------------------------------------
[2022-03-18 20:56:25,671] {taskinstance.py:1068} INFO - Starting attempt 2 of 2
[2022-03-18 20:56:25,674] {taskinstance.py:1069} INFO - 
--------------------------------------------------------------------------------
[2022-03-18 20:56:25,695] {taskinstance.py:1087} INFO - Executing <Task(PythonOperator): processing_tasks.training_model_a> on 2022-03-17T00:00:00+00:00
[2022-03-18 20:56:25,705] {standard_task_runner.py:52} INFO - Started process 5871 to run task
[2022-03-18 20:56:25,712] {standard_task_runner.py:76} INFO - Running: ['airflow', 'tasks', 'run', 'xcom_dag', 'processing_tasks.training_model_a', '2022-03-17T00:00:00+00:00', '--job-id', '39', '--pool', 'default_pool', '--raw', '--subdir', 'DAGS_FOLDER/xcom_dag.py', '--cfg-path', '/tmp/tmp86nk2pve', '--error-file', '/tmp/tmpzq6jdfji']
[2022-03-18 20:56:25,716] {standard_task_runner.py:77} INFO - Job 39: Subtask processing_tasks.training_model_a
[2022-03-18 20:56:25,806] {logging_mixin.py:104} INFO - Running <TaskInstance: xcom_dag.processing_tasks.training_model_a 2022-03-17T00:00:00+00:00 [running]> on host pc
[2022-03-18 20:56:25,935] {taskinstance.py:1282} INFO - Exporting the following env vars:
AIRFLOW_CTX_DAG_OWNER=airflow
AIRFLOW_CTX_DAG_ID=xcom_dag
AIRFLOW_CTX_TASK_ID=processing_tasks.training_model_a
AIRFLOW_CTX_EXECUTION_DATE=2022-03-17T00:00:00+00:00
AIRFLOW_CTX_DAG_RUN_ID=scheduled__2022-03-17T00:00:00+00:00
[2022-03-18 20:56:25,936] {logging_mixin.py:104} INFO - model's accuracy: 8.401613005127741
[2022-03-18 20:56:25,983] {python.py:151} INFO - Done. Returned value was: None
[2022-03-18 20:56:26,016] {taskinstance.py:1191} INFO - Marking task as SUCCESS. dag_id=xcom_dag, task_id=processing_tasks.training_model_a, execution_date=20220317T000000, start_date=20220318T152625, end_date=20220318T152626
[2022-03-18 20:56:26,105] {taskinstance.py:1245} INFO - 0 downstream tasks scheduled from follow-on schedule check
[2022-03-18 20:56:26,124] {local_task_job.py:151} INFO - Task exited with return code 0
