[2022-03-18 21:30:46,738] {taskinstance.py:876} INFO - Dependencies all met for <TaskInstance: xcom_dag.processing_tasks.training_model_a 2022-03-17T00:00:00+00:00 [queued]>
[2022-03-18 21:30:46,798] {taskinstance.py:876} INFO - Dependencies all met for <TaskInstance: xcom_dag.processing_tasks.training_model_a 2022-03-17T00:00:00+00:00 [queued]>
[2022-03-18 21:30:46,798] {taskinstance.py:1067} INFO - 
--------------------------------------------------------------------------------
[2022-03-18 21:30:46,798] {taskinstance.py:1068} INFO - Starting attempt 6 of 6
[2022-03-18 21:30:46,800] {taskinstance.py:1069} INFO - 
--------------------------------------------------------------------------------
[2022-03-18 21:30:46,838] {taskinstance.py:1087} INFO - Executing <Task(PythonOperator): processing_tasks.training_model_a> on 2022-03-17T00:00:00+00:00
[2022-03-18 21:30:46,849] {standard_task_runner.py:52} INFO - Started process 10219 to run task
[2022-03-18 21:30:46,856] {standard_task_runner.py:76} INFO - Running: ['airflow', 'tasks', 'run', 'xcom_dag', 'processing_tasks.training_model_a', '2022-03-17T00:00:00+00:00', '--job-id', '58', '--pool', 'default_pool', '--raw', '--subdir', 'DAGS_FOLDER/xcom_dag.py', '--cfg-path', '/tmp/tmpfoz392l7', '--error-file', '/tmp/tmptzt5bt7u']
[2022-03-18 21:30:46,860] {standard_task_runner.py:77} INFO - Job 58: Subtask processing_tasks.training_model_a
[2022-03-18 21:30:46,956] {logging_mixin.py:104} INFO - Running <TaskInstance: xcom_dag.processing_tasks.training_model_a 2022-03-17T00:00:00+00:00 [running]> on host pc
[2022-03-18 21:30:47,099] {taskinstance.py:1282} INFO - Exporting the following env vars:
AIRFLOW_CTX_DAG_OWNER=airflow
AIRFLOW_CTX_DAG_ID=xcom_dag
AIRFLOW_CTX_TASK_ID=processing_tasks.training_model_a
AIRFLOW_CTX_EXECUTION_DATE=2022-03-17T00:00:00+00:00
AIRFLOW_CTX_DAG_RUN_ID=scheduled__2022-03-17T00:00:00+00:00
[2022-03-18 21:30:47,104] {logging_mixin.py:104} INFO - model's accuracy: 0.32217639649397256
[2022-03-18 21:30:47,202] {python.py:151} INFO - Done. Returned value was: None
[2022-03-18 21:30:47,251] {taskinstance.py:1191} INFO - Marking task as SUCCESS. dag_id=xcom_dag, task_id=processing_tasks.training_model_a, execution_date=20220317T000000, start_date=20220318T160046, end_date=20220318T160047
[2022-03-18 21:30:47,421] {taskinstance.py:1245} INFO - 0 downstream tasks scheduled from follow-on schedule check
[2022-03-18 21:30:47,472] {local_task_job.py:151} INFO - Task exited with return code 0
