[2022-03-18 21:32:34,908] {taskinstance.py:876} INFO - Dependencies all met for <TaskInstance: xcom_dag.processing_tasks.training_model_a 2022-03-17T00:00:00+00:00 [queued]>
[2022-03-18 21:32:34,964] {taskinstance.py:876} INFO - Dependencies all met for <TaskInstance: xcom_dag.processing_tasks.training_model_a 2022-03-17T00:00:00+00:00 [queued]>
[2022-03-18 21:32:34,965] {taskinstance.py:1067} INFO - 
--------------------------------------------------------------------------------
[2022-03-18 21:32:34,965] {taskinstance.py:1068} INFO - Starting attempt 7 of 7
[2022-03-18 21:32:34,971] {taskinstance.py:1069} INFO - 
--------------------------------------------------------------------------------
[2022-03-18 21:32:34,994] {taskinstance.py:1087} INFO - Executing <Task(PythonOperator): processing_tasks.training_model_a> on 2022-03-17T00:00:00+00:00
[2022-03-18 21:32:35,005] {standard_task_runner.py:52} INFO - Started process 10676 to run task
[2022-03-18 21:32:35,011] {standard_task_runner.py:76} INFO - Running: ['airflow', 'tasks', 'run', 'xcom_dag', 'processing_tasks.training_model_a', '2022-03-17T00:00:00+00:00', '--job-id', '65', '--pool', 'default_pool', '--raw', '--subdir', 'DAGS_FOLDER/xcom_dag.py', '--cfg-path', '/tmp/tmpj7t7rvw_', '--error-file', '/tmp/tmppp8nmikf']
[2022-03-18 21:32:35,014] {standard_task_runner.py:77} INFO - Job 65: Subtask processing_tasks.training_model_a
[2022-03-18 21:32:35,109] {logging_mixin.py:104} INFO - Running <TaskInstance: xcom_dag.processing_tasks.training_model_a 2022-03-17T00:00:00+00:00 [running]> on host pc
[2022-03-18 21:32:35,250] {taskinstance.py:1282} INFO - Exporting the following env vars:
AIRFLOW_CTX_DAG_OWNER=airflow
AIRFLOW_CTX_DAG_ID=xcom_dag
AIRFLOW_CTX_TASK_ID=processing_tasks.training_model_a
AIRFLOW_CTX_EXECUTION_DATE=2022-03-17T00:00:00+00:00
AIRFLOW_CTX_DAG_RUN_ID=scheduled__2022-03-17T00:00:00+00:00
[2022-03-18 21:32:35,253] {logging_mixin.py:104} INFO - model's accuracy: 7.964694417420323
[2022-03-18 21:32:35,362] {python.py:151} INFO - Done. Returned value was: None
[2022-03-18 21:32:35,418] {taskinstance.py:1191} INFO - Marking task as SUCCESS. dag_id=xcom_dag, task_id=processing_tasks.training_model_a, execution_date=20220317T000000, start_date=20220318T160234, end_date=20220318T160235
[2022-03-18 21:32:35,569] {taskinstance.py:1245} INFO - 0 downstream tasks scheduled from follow-on schedule check
[2022-03-18 21:32:35,588] {local_task_job.py:151} INFO - Task exited with return code 0
