[2022-03-18 20:49:15,293] {taskinstance.py:876} INFO - Dependencies all met for <TaskInstance: xcom_dag.downloading_data 2022-03-17T00:00:00+00:00 [queued]>
[2022-03-18 20:49:15,338] {taskinstance.py:876} INFO - Dependencies all met for <TaskInstance: xcom_dag.downloading_data 2022-03-17T00:00:00+00:00 [queued]>
[2022-03-18 20:49:15,339] {taskinstance.py:1067} INFO - 
--------------------------------------------------------------------------------
[2022-03-18 20:49:15,339] {taskinstance.py:1068} INFO - Starting attempt 1 of 1
[2022-03-18 20:49:15,341] {taskinstance.py:1069} INFO - 
--------------------------------------------------------------------------------
[2022-03-18 20:49:15,370] {taskinstance.py:1087} INFO - Executing <Task(BashOperator): downloading_data> on 2022-03-17T00:00:00+00:00
[2022-03-18 20:49:15,378] {standard_task_runner.py:52} INFO - Started process 4439 to run task
[2022-03-18 20:49:15,386] {standard_task_runner.py:76} INFO - Running: ['airflow', 'tasks', 'run', 'xcom_dag', 'downloading_data', '2022-03-17T00:00:00+00:00', '--job-id', '31', '--pool', 'default_pool', '--raw', '--subdir', 'DAGS_FOLDER/xcom_dag.py', '--cfg-path', '/tmp/tmpsz2cafid', '--error-file', '/tmp/tmpo5nbblap']
[2022-03-18 20:49:15,388] {standard_task_runner.py:77} INFO - Job 31: Subtask downloading_data
[2022-03-18 20:49:15,472] {logging_mixin.py:104} INFO - Running <TaskInstance: xcom_dag.downloading_data 2022-03-17T00:00:00+00:00 [running]> on host pc
[2022-03-18 20:49:15,587] {taskinstance.py:1282} INFO - Exporting the following env vars:
AIRFLOW_CTX_DAG_OWNER=airflow
AIRFLOW_CTX_DAG_ID=xcom_dag
AIRFLOW_CTX_TASK_ID=downloading_data
AIRFLOW_CTX_EXECUTION_DATE=2022-03-17T00:00:00+00:00
AIRFLOW_CTX_DAG_RUN_ID=scheduled__2022-03-17T00:00:00+00:00
[2022-03-18 20:49:15,589] {subprocess.py:52} INFO - Tmp dir root location: 
 /tmp
[2022-03-18 20:49:15,590] {subprocess.py:63} INFO - Running command: ['bash', '-c', 'sleep 3']
[2022-03-18 20:49:15,597] {subprocess.py:75} INFO - Output:
[2022-03-18 20:49:18,600] {subprocess.py:83} INFO - Command exited with return code 0
[2022-03-18 20:49:18,719] {taskinstance.py:1191} INFO - Marking task as SUCCESS. dag_id=xcom_dag, task_id=downloading_data, execution_date=20220317T000000, start_date=20220318T151915, end_date=20220318T151918
[2022-03-18 20:49:18,824] {taskinstance.py:1245} INFO - 3 downstream tasks scheduled from follow-on schedule check
[2022-03-18 20:49:18,862] {local_task_job.py:151} INFO - Task exited with return code 0
