[2022-03-18 21:26:22,993] {taskinstance.py:876} INFO - Dependencies all met for <TaskInstance: xcom_dag.downloading_data 2022-03-17T00:00:00+00:00 [queued]>
[2022-03-18 21:26:23,033] {taskinstance.py:876} INFO - Dependencies all met for <TaskInstance: xcom_dag.downloading_data 2022-03-17T00:00:00+00:00 [queued]>
[2022-03-18 21:26:23,033] {taskinstance.py:1067} INFO - 
--------------------------------------------------------------------------------
[2022-03-18 21:26:23,034] {taskinstance.py:1068} INFO - Starting attempt 5 of 5
[2022-03-18 21:26:23,035] {taskinstance.py:1069} INFO - 
--------------------------------------------------------------------------------
[2022-03-18 21:26:23,058] {taskinstance.py:1087} INFO - Executing <Task(BashOperator): downloading_data> on 2022-03-17T00:00:00+00:00
[2022-03-18 21:26:23,067] {standard_task_runner.py:52} INFO - Started process 9489 to run task
[2022-03-18 21:26:23,072] {standard_task_runner.py:76} INFO - Running: ['airflow', 'tasks', 'run', 'xcom_dag', 'downloading_data', '2022-03-17T00:00:00+00:00', '--job-id', '51', '--pool', 'default_pool', '--raw', '--subdir', 'DAGS_FOLDER/xcom_dag.py', '--cfg-path', '/tmp/tmpq5gp0a81', '--error-file', '/tmp/tmplsvrluku']
[2022-03-18 21:26:23,075] {standard_task_runner.py:77} INFO - Job 51: Subtask downloading_data
[2022-03-18 21:26:23,160] {logging_mixin.py:104} INFO - Running <TaskInstance: xcom_dag.downloading_data 2022-03-17T00:00:00+00:00 [running]> on host pc
[2022-03-18 21:26:23,289] {taskinstance.py:1282} INFO - Exporting the following env vars:
AIRFLOW_CTX_DAG_OWNER=airflow
AIRFLOW_CTX_DAG_ID=xcom_dag
AIRFLOW_CTX_TASK_ID=downloading_data
AIRFLOW_CTX_EXECUTION_DATE=2022-03-17T00:00:00+00:00
AIRFLOW_CTX_DAG_RUN_ID=scheduled__2022-03-17T00:00:00+00:00
[2022-03-18 21:26:23,290] {subprocess.py:52} INFO - Tmp dir root location: 
 /tmp
[2022-03-18 21:26:23,291] {subprocess.py:63} INFO - Running command: ['bash', '-c', 'sleep 3']
[2022-03-18 21:26:23,297] {subprocess.py:75} INFO - Output:
[2022-03-18 21:26:26,300] {subprocess.py:83} INFO - Command exited with return code 0
[2022-03-18 21:26:26,413] {taskinstance.py:1191} INFO - Marking task as SUCCESS. dag_id=xcom_dag, task_id=downloading_data, execution_date=20220317T000000, start_date=20220318T155622, end_date=20220318T155626
[2022-03-18 21:26:26,490] {taskinstance.py:1245} INFO - 3 downstream tasks scheduled from follow-on schedule check
[2022-03-18 21:26:26,497] {local_task_job.py:151} INFO - Task exited with return code 0
