[2022-03-18 21:30:42,125] {taskinstance.py:876} INFO - Dependencies all met for <TaskInstance: xcom_dag.downloading_data 2022-03-17T00:00:00+00:00 [queued]>
[2022-03-18 21:30:42,159] {taskinstance.py:876} INFO - Dependencies all met for <TaskInstance: xcom_dag.downloading_data 2022-03-17T00:00:00+00:00 [queued]>
[2022-03-18 21:30:42,160] {taskinstance.py:1067} INFO - 
--------------------------------------------------------------------------------
[2022-03-18 21:30:42,160] {taskinstance.py:1068} INFO - Starting attempt 6 of 6
[2022-03-18 21:30:42,161] {taskinstance.py:1069} INFO - 
--------------------------------------------------------------------------------
[2022-03-18 21:30:42,188] {taskinstance.py:1087} INFO - Executing <Task(BashOperator): downloading_data> on 2022-03-17T00:00:00+00:00
[2022-03-18 21:30:42,196] {standard_task_runner.py:52} INFO - Started process 10152 to run task
[2022-03-18 21:30:42,201] {standard_task_runner.py:76} INFO - Running: ['airflow', 'tasks', 'run', 'xcom_dag', 'downloading_data', '2022-03-17T00:00:00+00:00', '--job-id', '57', '--pool', 'default_pool', '--raw', '--subdir', 'DAGS_FOLDER/xcom_dag.py', '--cfg-path', '/tmp/tmpyzr1pwko', '--error-file', '/tmp/tmp4ucct_72']
[2022-03-18 21:30:42,204] {standard_task_runner.py:77} INFO - Job 57: Subtask downloading_data
[2022-03-18 21:30:42,287] {logging_mixin.py:104} INFO - Running <TaskInstance: xcom_dag.downloading_data 2022-03-17T00:00:00+00:00 [running]> on host pc
[2022-03-18 21:30:42,416] {taskinstance.py:1282} INFO - Exporting the following env vars:
AIRFLOW_CTX_DAG_OWNER=airflow
AIRFLOW_CTX_DAG_ID=xcom_dag
AIRFLOW_CTX_TASK_ID=downloading_data
AIRFLOW_CTX_EXECUTION_DATE=2022-03-17T00:00:00+00:00
AIRFLOW_CTX_DAG_RUN_ID=scheduled__2022-03-17T00:00:00+00:00
[2022-03-18 21:30:42,417] {subprocess.py:52} INFO - Tmp dir root location: 
 /tmp
[2022-03-18 21:30:42,417] {subprocess.py:63} INFO - Running command: ['bash', '-c', 'sleep 3']
[2022-03-18 21:30:42,425] {subprocess.py:75} INFO - Output:
[2022-03-18 21:30:45,428] {subprocess.py:83} INFO - Command exited with return code 0
[2022-03-18 21:30:45,497] {taskinstance.py:1191} INFO - Marking task as SUCCESS. dag_id=xcom_dag, task_id=downloading_data, execution_date=20220317T000000, start_date=20220318T160042, end_date=20220318T160045
[2022-03-18 21:30:45,575] {taskinstance.py:1245} INFO - 3 downstream tasks scheduled from follow-on schedule check
[2022-03-18 21:30:45,585] {local_task_job.py:151} INFO - Task exited with return code 0
