[2022-03-18 21:32:29,692] {taskinstance.py:876} INFO - Dependencies all met for <TaskInstance: xcom_dag.downloading_data 2022-03-17T00:00:00+00:00 [queued]>
[2022-03-18 21:32:29,732] {taskinstance.py:876} INFO - Dependencies all met for <TaskInstance: xcom_dag.downloading_data 2022-03-17T00:00:00+00:00 [queued]>
[2022-03-18 21:32:29,732] {taskinstance.py:1067} INFO - 
--------------------------------------------------------------------------------
[2022-03-18 21:32:29,732] {taskinstance.py:1068} INFO - Starting attempt 7 of 7
[2022-03-18 21:32:29,734] {taskinstance.py:1069} INFO - 
--------------------------------------------------------------------------------
[2022-03-18 21:32:29,757] {taskinstance.py:1087} INFO - Executing <Task(BashOperator): downloading_data> on 2022-03-17T00:00:00+00:00
[2022-03-18 21:32:29,767] {standard_task_runner.py:52} INFO - Started process 10596 to run task
[2022-03-18 21:32:29,771] {standard_task_runner.py:76} INFO - Running: ['airflow', 'tasks', 'run', 'xcom_dag', 'downloading_data', '2022-03-17T00:00:00+00:00', '--job-id', '63', '--pool', 'default_pool', '--raw', '--subdir', 'DAGS_FOLDER/xcom_dag.py', '--cfg-path', '/tmp/tmpnautssbp', '--error-file', '/tmp/tmpsa1q_7hn']
[2022-03-18 21:32:29,774] {standard_task_runner.py:77} INFO - Job 63: Subtask downloading_data
[2022-03-18 21:32:29,859] {logging_mixin.py:104} INFO - Running <TaskInstance: xcom_dag.downloading_data 2022-03-17T00:00:00+00:00 [running]> on host pc
[2022-03-18 21:32:29,975] {taskinstance.py:1282} INFO - Exporting the following env vars:
AIRFLOW_CTX_DAG_OWNER=airflow
AIRFLOW_CTX_DAG_ID=xcom_dag
AIRFLOW_CTX_TASK_ID=downloading_data
AIRFLOW_CTX_EXECUTION_DATE=2022-03-17T00:00:00+00:00
AIRFLOW_CTX_DAG_RUN_ID=scheduled__2022-03-17T00:00:00+00:00
[2022-03-18 21:32:29,976] {subprocess.py:52} INFO - Tmp dir root location: 
 /tmp
[2022-03-18 21:32:29,977] {subprocess.py:63} INFO - Running command: ['bash', '-c', 'sleep 3']
[2022-03-18 21:32:29,986] {subprocess.py:75} INFO - Output:
[2022-03-18 21:32:32,988] {subprocess.py:83} INFO - Command exited with return code 0
[2022-03-18 21:32:33,044] {taskinstance.py:1191} INFO - Marking task as SUCCESS. dag_id=xcom_dag, task_id=downloading_data, execution_date=20220317T000000, start_date=20220318T160229, end_date=20220318T160233
[2022-03-18 21:32:33,133] {taskinstance.py:1245} INFO - 3 downstream tasks scheduled from follow-on schedule check
[2022-03-18 21:32:33,156] {local_task_job.py:151} INFO - Task exited with return code 0
