[2022-03-18 21:58:05,260] {taskinstance.py:876} INFO - Dependencies all met for <TaskInstance: xcom_dag.downloading_data 2022-03-17T00:00:00+00:00 [queued]>
[2022-03-18 21:58:05,302] {taskinstance.py:876} INFO - Dependencies all met for <TaskInstance: xcom_dag.downloading_data 2022-03-17T00:00:00+00:00 [queued]>
[2022-03-18 21:58:05,302] {taskinstance.py:1067} INFO - 
--------------------------------------------------------------------------------
[2022-03-18 21:58:05,302] {taskinstance.py:1068} INFO - Starting attempt 8 of 8
[2022-03-18 21:58:05,303] {taskinstance.py:1069} INFO - 
--------------------------------------------------------------------------------
[2022-03-18 21:58:05,317] {taskinstance.py:1087} INFO - Executing <Task(BashOperator): downloading_data> on 2022-03-17T00:00:00+00:00
[2022-03-18 21:58:05,324] {standard_task_runner.py:52} INFO - Started process 14215 to run task
[2022-03-18 21:58:05,330] {standard_task_runner.py:76} INFO - Running: ['airflow', 'tasks', 'run', 'xcom_dag', 'downloading_data', '2022-03-17T00:00:00+00:00', '--job-id', '74', '--pool', 'default_pool', '--raw', '--subdir', 'DAGS_FOLDER/xcom_dag.py', '--cfg-path', '/tmp/tmpli98ys5l', '--error-file', '/tmp/tmpl76druzp']
[2022-03-18 21:58:05,332] {standard_task_runner.py:77} INFO - Job 74: Subtask downloading_data
[2022-03-18 21:58:05,406] {logging_mixin.py:104} INFO - Running <TaskInstance: xcom_dag.downloading_data 2022-03-17T00:00:00+00:00 [running]> on host pc
[2022-03-18 21:58:05,535] {taskinstance.py:1282} INFO - Exporting the following env vars:
AIRFLOW_CTX_DAG_OWNER=airflow
AIRFLOW_CTX_DAG_ID=xcom_dag
AIRFLOW_CTX_TASK_ID=downloading_data
AIRFLOW_CTX_EXECUTION_DATE=2022-03-17T00:00:00+00:00
AIRFLOW_CTX_DAG_RUN_ID=scheduled__2022-03-17T00:00:00+00:00
[2022-03-18 21:58:05,536] {subprocess.py:52} INFO - Tmp dir root location: 
 /tmp
[2022-03-18 21:58:05,537] {subprocess.py:63} INFO - Running command: ['bash', '-c', 'sleep 3']
[2022-03-18 21:58:05,546] {subprocess.py:75} INFO - Output:
[2022-03-18 21:58:08,549] {subprocess.py:83} INFO - Command exited with return code 0
[2022-03-18 21:58:08,695] {taskinstance.py:1191} INFO - Marking task as SUCCESS. dag_id=xcom_dag, task_id=downloading_data, execution_date=20220317T000000, start_date=20220318T162805, end_date=20220318T162808
[2022-03-18 21:58:08,811] {taskinstance.py:1245} INFO - 3 downstream tasks scheduled from follow-on schedule check
[2022-03-18 21:58:08,835] {local_task_job.py:151} INFO - Task exited with return code 0
