[2022-03-18 12:32:39,968] {taskinstance.py:876} INFO - Dependencies all met for <TaskInstance: parallel_dag.task_4 2022-03-17T00:00:00+00:00 [queued]>
[2022-03-18 12:32:39,983] {taskinstance.py:876} INFO - Dependencies all met for <TaskInstance: parallel_dag.task_4 2022-03-17T00:00:00+00:00 [queued]>
[2022-03-18 12:32:39,984] {taskinstance.py:1067} INFO - 
--------------------------------------------------------------------------------
[2022-03-18 12:32:39,984] {taskinstance.py:1068} INFO - Starting attempt 1 of 1
[2022-03-18 12:32:39,984] {taskinstance.py:1069} INFO - 
--------------------------------------------------------------------------------
[2022-03-18 12:32:40,085] {taskinstance.py:1087} INFO - Executing <Task(BashOperator): task_4> on 2022-03-17T00:00:00+00:00
[2022-03-18 12:32:40,088] {standard_task_runner.py:52} INFO - Started process 8312 to run task
[2022-03-18 12:32:40,093] {standard_task_runner.py:76} INFO - Running: ['airflow', 'tasks', 'run', 'parallel_dag', 'task_4', '2022-03-17T00:00:00+00:00', '--job-id', '21', '--pool', 'default_pool', '--raw', '--subdir', 'DAGS_FOLDER/parallel_dag.py', '--cfg-path', '/tmp/tmpqh7ffzax', '--error-file', '/tmp/tmprbxls8a1']
[2022-03-18 12:32:40,095] {standard_task_runner.py:77} INFO - Job 21: Subtask task_4
[2022-03-18 12:32:40,230] {logging_mixin.py:104} INFO - Running <TaskInstance: parallel_dag.task_4 2022-03-17T00:00:00+00:00 [running]> on host pc
[2022-03-18 12:32:40,450] {taskinstance.py:1282} INFO - Exporting the following env vars:
AIRFLOW_CTX_DAG_OWNER=airflow
AIRFLOW_CTX_DAG_ID=parallel_dag
AIRFLOW_CTX_TASK_ID=task_4
AIRFLOW_CTX_EXECUTION_DATE=2022-03-17T00:00:00+00:00
AIRFLOW_CTX_DAG_RUN_ID=scheduled__2022-03-17T00:00:00+00:00
[2022-03-18 12:32:40,451] {subprocess.py:52} INFO - Tmp dir root location: 
 /tmp
[2022-03-18 12:32:40,451] {subprocess.py:63} INFO - Running command: ['bash', '-c', 'sleep 3']
[2022-03-18 12:32:40,457] {subprocess.py:75} INFO - Output:
[2022-03-18 12:32:43,460] {subprocess.py:83} INFO - Command exited with return code 0
[2022-03-18 12:32:43,563] {taskinstance.py:1191} INFO - Marking task as SUCCESS. dag_id=parallel_dag, task_id=task_4, execution_date=20220317T000000, start_date=20220318T070239, end_date=20220318T070243
[2022-03-18 12:32:43,691] {taskinstance.py:1245} INFO - 0 downstream tasks scheduled from follow-on schedule check
[2022-03-18 12:32:43,720] {local_task_job.py:151} INFO - Task exited with return code 0
[2022-03-18 12:53:32,798] {taskinstance.py:876} INFO - Dependencies all met for <TaskInstance: parallel_dag.task_4 2022-03-17T00:00:00+00:00 [queued]>
[2022-03-18 12:53:32,878] {taskinstance.py:876} INFO - Dependencies all met for <TaskInstance: parallel_dag.task_4 2022-03-17T00:00:00+00:00 [queued]>
[2022-03-18 12:53:32,879] {taskinstance.py:1067} INFO - 
--------------------------------------------------------------------------------
[2022-03-18 12:53:32,879] {taskinstance.py:1068} INFO - Starting attempt 1 of 1
[2022-03-18 12:53:32,880] {taskinstance.py:1069} INFO - 
--------------------------------------------------------------------------------
[2022-03-18 12:53:32,924] {taskinstance.py:1087} INFO - Executing <Task(BashOperator): task_4> on 2022-03-17T00:00:00+00:00
[2022-03-18 12:53:32,931] {standard_task_runner.py:52} INFO - Started process 17479 to run task
[2022-03-18 12:53:32,938] {standard_task_runner.py:76} INFO - Running: ['airflow', 'tasks', 'run', 'parallel_dag', 'task_4', '2022-03-17T00:00:00+00:00', '--job-id', '5', '--pool', 'default_pool', '--raw', '--subdir', 'DAGS_FOLDER/parallel_dag.py', '--cfg-path', '/tmp/tmpp5263m07', '--error-file', '/tmp/tmpoo0fkj9x']
[2022-03-18 12:53:32,941] {standard_task_runner.py:77} INFO - Job 5: Subtask task_4
[2022-03-18 12:53:33,027] {logging_mixin.py:104} INFO - Running <TaskInstance: parallel_dag.task_4 2022-03-17T00:00:00+00:00 [running]> on host pc
[2022-03-18 12:53:33,149] {taskinstance.py:1282} INFO - Exporting the following env vars:
AIRFLOW_CTX_DAG_OWNER=airflow
AIRFLOW_CTX_DAG_ID=parallel_dag
AIRFLOW_CTX_TASK_ID=task_4
AIRFLOW_CTX_EXECUTION_DATE=2022-03-17T00:00:00+00:00
AIRFLOW_CTX_DAG_RUN_ID=scheduled__2022-03-17T00:00:00+00:00
[2022-03-18 12:53:33,150] {subprocess.py:52} INFO - Tmp dir root location: 
 /tmp
[2022-03-18 12:53:33,151] {subprocess.py:63} INFO - Running command: ['bash', '-c', 'sleep 3']
[2022-03-18 12:53:33,159] {subprocess.py:75} INFO - Output:
[2022-03-18 12:53:36,162] {subprocess.py:83} INFO - Command exited with return code 0
[2022-03-18 12:53:36,268] {taskinstance.py:1191} INFO - Marking task as SUCCESS. dag_id=parallel_dag, task_id=task_4, execution_date=20220317T000000, start_date=20220318T072332, end_date=20220318T072336
[2022-03-18 12:53:36,334] {taskinstance.py:1245} INFO - 0 downstream tasks scheduled from follow-on schedule check
[2022-03-18 12:53:36,363] {local_task_job.py:151} INFO - Task exited with return code 0
