[2022-03-18 19:48:49,405] {taskinstance.py:876} INFO - Dependencies all met for <TaskInstance: parallel_dag.task_1 2022-03-18T14:18:08.915997+00:00 [queued]>
[2022-03-18 19:48:49,449] {taskinstance.py:876} INFO - Dependencies all met for <TaskInstance: parallel_dag.task_1 2022-03-18T14:18:08.915997+00:00 [queued]>
[2022-03-18 19:48:49,450] {taskinstance.py:1067} INFO - 
--------------------------------------------------------------------------------
[2022-03-18 19:48:49,450] {taskinstance.py:1068} INFO - Starting attempt 1 of 1
[2022-03-18 19:48:49,452] {taskinstance.py:1069} INFO - 
--------------------------------------------------------------------------------
[2022-03-18 19:48:49,482] {taskinstance.py:1087} INFO - Executing <Task(BashOperator): task_1> on 2022-03-18T14:18:08.915997+00:00
[2022-03-18 19:48:49,489] {standard_task_runner.py:52} INFO - Started process 26330 to run task
[2022-03-18 19:48:49,495] {standard_task_runner.py:76} INFO - Running: ['airflow', 'tasks', 'run', 'parallel_dag', 'task_1', '2022-03-18T14:18:08.915997+00:00', '--job-id', '21', '--pool', 'default_pool', '--raw', '--subdir', 'DAGS_FOLDER/parallel_dag.py', '--cfg-path', '/tmp/tmpu5trmxgw', '--error-file', '/tmp/tmptg9c9z2n']
[2022-03-18 19:48:49,499] {standard_task_runner.py:77} INFO - Job 21: Subtask task_1
[2022-03-18 19:48:49,580] {logging_mixin.py:104} INFO - Running <TaskInstance: parallel_dag.task_1 2022-03-18T14:18:08.915997+00:00 [running]> on host pc
[2022-03-18 19:48:49,710] {taskinstance.py:1282} INFO - Exporting the following env vars:
AIRFLOW_CTX_DAG_OWNER=airflow
AIRFLOW_CTX_DAG_ID=parallel_dag
AIRFLOW_CTX_TASK_ID=task_1
AIRFLOW_CTX_EXECUTION_DATE=2022-03-18T14:18:08.915997+00:00
AIRFLOW_CTX_DAG_RUN_ID=manual__2022-03-18T14:18:08.915997+00:00
[2022-03-18 19:48:49,711] {subprocess.py:52} INFO - Tmp dir root location: 
 /tmp
[2022-03-18 19:48:49,711] {subprocess.py:63} INFO - Running command: ['bash', '-c', 'sleep 3']
[2022-03-18 19:48:49,718] {subprocess.py:75} INFO - Output:
[2022-03-18 19:48:52,720] {subprocess.py:83} INFO - Command exited with return code 0
[2022-03-18 19:48:52,837] {taskinstance.py:1191} INFO - Marking task as SUCCESS. dag_id=parallel_dag, task_id=task_1, execution_date=20220318T141808, start_date=20220318T141849, end_date=20220318T141852
[2022-03-18 19:48:52,914] {taskinstance.py:1245} INFO - 1 downstream tasks scheduled from follow-on schedule check
[2022-03-18 19:48:52,959] {local_task_job.py:151} INFO - Task exited with return code 0
