[2022-03-18 20:49:19,996] {taskinstance.py:876} INFO - Dependencies all met for <TaskInstance: xcom_dag.processing_tasks.training_model_c 2022-03-17T00:00:00+00:00 [queued]>
[2022-03-18 20:49:20,121] {taskinstance.py:876} INFO - Dependencies all met for <TaskInstance: xcom_dag.processing_tasks.training_model_c 2022-03-17T00:00:00+00:00 [queued]>
[2022-03-18 20:49:20,123] {taskinstance.py:1067} INFO - 
--------------------------------------------------------------------------------
[2022-03-18 20:49:20,125] {taskinstance.py:1068} INFO - Starting attempt 1 of 1
[2022-03-18 20:49:20,129] {taskinstance.py:1069} INFO - 
--------------------------------------------------------------------------------
[2022-03-18 20:49:20,164] {taskinstance.py:1087} INFO - Executing <Task(PythonOperator): processing_tasks.training_model_c> on 2022-03-17T00:00:00+00:00
[2022-03-18 20:49:20,184] {standard_task_runner.py:52} INFO - Started process 4550 to run task
[2022-03-18 20:49:20,209] {standard_task_runner.py:76} INFO - Running: ['airflow', 'tasks', 'run', 'xcom_dag', 'processing_tasks.training_model_c', '2022-03-17T00:00:00+00:00', '--job-id', '32', '--pool', 'default_pool', '--raw', '--subdir', 'DAGS_FOLDER/xcom_dag.py', '--cfg-path', '/tmp/tmpkkf5g71n', '--error-file', '/tmp/tmpqt4lncnf']
[2022-03-18 20:49:20,218] {standard_task_runner.py:77} INFO - Job 32: Subtask processing_tasks.training_model_c
[2022-03-18 20:49:20,404] {logging_mixin.py:104} INFO - Running <TaskInstance: xcom_dag.processing_tasks.training_model_c 2022-03-17T00:00:00+00:00 [running]> on host pc
[2022-03-18 20:49:20,763] {taskinstance.py:1282} INFO - Exporting the following env vars:
AIRFLOW_CTX_DAG_OWNER=airflow
AIRFLOW_CTX_DAG_ID=xcom_dag
AIRFLOW_CTX_TASK_ID=processing_tasks.training_model_c
AIRFLOW_CTX_EXECUTION_DATE=2022-03-17T00:00:00+00:00
AIRFLOW_CTX_DAG_RUN_ID=scheduled__2022-03-17T00:00:00+00:00
[2022-03-18 20:49:20,765] {logging_mixin.py:104} INFO - model's accuracy: 7.964694417420323
[2022-03-18 20:49:20,765] {python.py:151} INFO - Done. Returned value was: 7.964694417420323
[2022-03-18 20:49:21,030] {taskinstance.py:1191} INFO - Marking task as SUCCESS. dag_id=xcom_dag, task_id=processing_tasks.training_model_c, execution_date=20220317T000000, start_date=20220318T151920, end_date=20220318T151921
[2022-03-18 20:49:21,256] {taskinstance.py:1245} INFO - 0 downstream tasks scheduled from follow-on schedule check
[2022-03-18 20:49:21,326] {local_task_job.py:151} INFO - Task exited with return code 0
