[2022-03-18 21:08:17,240] {taskinstance.py:876} INFO - Dependencies all met for <TaskInstance: xcom_dag.processing_tasks.training_model_c 2022-03-17T00:00:00+00:00 [queued]>
[2022-03-18 21:08:17,312] {taskinstance.py:876} INFO - Dependencies all met for <TaskInstance: xcom_dag.processing_tasks.training_model_c 2022-03-17T00:00:00+00:00 [queued]>
[2022-03-18 21:08:17,312] {taskinstance.py:1067} INFO - 
--------------------------------------------------------------------------------
[2022-03-18 21:08:17,312] {taskinstance.py:1068} INFO - Starting attempt 4 of 4
[2022-03-18 21:08:17,313] {taskinstance.py:1069} INFO - 
--------------------------------------------------------------------------------
[2022-03-18 21:08:17,334] {taskinstance.py:1087} INFO - Executing <Task(PythonOperator): processing_tasks.training_model_c> on 2022-03-17T00:00:00+00:00
[2022-03-18 21:08:17,342] {standard_task_runner.py:52} INFO - Started process 7739 to run task
[2022-03-18 21:08:17,350] {standard_task_runner.py:76} INFO - Running: ['airflow', 'tasks', 'run', 'xcom_dag', 'processing_tasks.training_model_c', '2022-03-17T00:00:00+00:00', '--job-id', '49', '--pool', 'default_pool', '--raw', '--subdir', 'DAGS_FOLDER/xcom_dag.py', '--cfg-path', '/tmp/tmpgx718tmf', '--error-file', '/tmp/tmpb5mifsg9']
[2022-03-18 21:08:17,354] {standard_task_runner.py:77} INFO - Job 49: Subtask processing_tasks.training_model_c
[2022-03-18 21:08:17,455] {logging_mixin.py:104} INFO - Running <TaskInstance: xcom_dag.processing_tasks.training_model_c 2022-03-17T00:00:00+00:00 [running]> on host pc
[2022-03-18 21:08:17,636] {taskinstance.py:1282} INFO - Exporting the following env vars:
AIRFLOW_CTX_DAG_OWNER=airflow
AIRFLOW_CTX_DAG_ID=xcom_dag
AIRFLOW_CTX_TASK_ID=processing_tasks.training_model_c
AIRFLOW_CTX_EXECUTION_DATE=2022-03-17T00:00:00+00:00
AIRFLOW_CTX_DAG_RUN_ID=scheduled__2022-03-17T00:00:00+00:00
[2022-03-18 21:08:17,639] {logging_mixin.py:104} INFO - model's accuracy: 3.3910714211079105
[2022-03-18 21:08:17,712] {python.py:151} INFO - Done. Returned value was: None
[2022-03-18 21:08:17,755] {taskinstance.py:1191} INFO - Marking task as SUCCESS. dag_id=xcom_dag, task_id=processing_tasks.training_model_c, execution_date=20220317T000000, start_date=20220318T153817, end_date=20220318T153817
[2022-03-18 21:08:17,843] {taskinstance.py:1245} INFO - 0 downstream tasks scheduled from follow-on schedule check
[2022-03-18 21:08:17,889] {local_task_job.py:151} INFO - Task exited with return code 0
