[2022-03-18 21:30:46,772] {taskinstance.py:876} INFO - Dependencies all met for <TaskInstance: xcom_dag.processing_tasks.training_model_c 2022-03-17T00:00:00+00:00 [queued]>
[2022-03-18 21:30:46,853] {taskinstance.py:876} INFO - Dependencies all met for <TaskInstance: xcom_dag.processing_tasks.training_model_c 2022-03-17T00:00:00+00:00 [queued]>
[2022-03-18 21:30:46,854] {taskinstance.py:1067} INFO - 
--------------------------------------------------------------------------------
[2022-03-18 21:30:46,854] {taskinstance.py:1068} INFO - Starting attempt 6 of 6
[2022-03-18 21:30:46,856] {taskinstance.py:1069} INFO - 
--------------------------------------------------------------------------------
[2022-03-18 21:30:46,881] {taskinstance.py:1087} INFO - Executing <Task(PythonOperator): processing_tasks.training_model_c> on 2022-03-17T00:00:00+00:00
[2022-03-18 21:30:46,888] {standard_task_runner.py:52} INFO - Started process 10221 to run task
[2022-03-18 21:30:46,894] {standard_task_runner.py:76} INFO - Running: ['airflow', 'tasks', 'run', 'xcom_dag', 'processing_tasks.training_model_c', '2022-03-17T00:00:00+00:00', '--job-id', '59', '--pool', 'default_pool', '--raw', '--subdir', 'DAGS_FOLDER/xcom_dag.py', '--cfg-path', '/tmp/tmp7z9jo1qw', '--error-file', '/tmp/tmp6nwjl_54']
[2022-03-18 21:30:46,898] {standard_task_runner.py:77} INFO - Job 59: Subtask processing_tasks.training_model_c
[2022-03-18 21:30:46,989] {logging_mixin.py:104} INFO - Running <TaskInstance: xcom_dag.processing_tasks.training_model_c 2022-03-17T00:00:00+00:00 [running]> on host pc
[2022-03-18 21:30:47,183] {taskinstance.py:1282} INFO - Exporting the following env vars:
AIRFLOW_CTX_DAG_OWNER=airflow
AIRFLOW_CTX_DAG_ID=xcom_dag
AIRFLOW_CTX_TASK_ID=processing_tasks.training_model_c
AIRFLOW_CTX_EXECUTION_DATE=2022-03-17T00:00:00+00:00
AIRFLOW_CTX_DAG_RUN_ID=scheduled__2022-03-17T00:00:00+00:00
[2022-03-18 21:30:47,184] {logging_mixin.py:104} INFO - model's accuracy: 6.303171828742779
[2022-03-18 21:30:47,292] {python.py:151} INFO - Done. Returned value was: None
[2022-03-18 21:30:47,358] {taskinstance.py:1191} INFO - Marking task as SUCCESS. dag_id=xcom_dag, task_id=processing_tasks.training_model_c, execution_date=20220317T000000, start_date=20220318T160046, end_date=20220318T160047
[2022-03-18 21:30:47,535] {taskinstance.py:1245} INFO - 1 downstream tasks scheduled from follow-on schedule check
[2022-03-18 21:30:47,558] {local_task_job.py:151} INFO - Task exited with return code 0
