[2022-03-18 21:32:34,864] {taskinstance.py:876} INFO - Dependencies all met for <TaskInstance: xcom_dag.processing_tasks.training_model_c 2022-03-17T00:00:00+00:00 [queued]>
[2022-03-18 21:32:34,918] {taskinstance.py:876} INFO - Dependencies all met for <TaskInstance: xcom_dag.processing_tasks.training_model_c 2022-03-17T00:00:00+00:00 [queued]>
[2022-03-18 21:32:34,918] {taskinstance.py:1067} INFO - 
--------------------------------------------------------------------------------
[2022-03-18 21:32:34,919] {taskinstance.py:1068} INFO - Starting attempt 7 of 7
[2022-03-18 21:32:34,921] {taskinstance.py:1069} INFO - 
--------------------------------------------------------------------------------
[2022-03-18 21:32:34,948] {taskinstance.py:1087} INFO - Executing <Task(PythonOperator): processing_tasks.training_model_c> on 2022-03-17T00:00:00+00:00
[2022-03-18 21:32:34,963] {standard_task_runner.py:52} INFO - Started process 10674 to run task
[2022-03-18 21:32:34,975] {standard_task_runner.py:76} INFO - Running: ['airflow', 'tasks', 'run', 'xcom_dag', 'processing_tasks.training_model_c', '2022-03-17T00:00:00+00:00', '--job-id', '64', '--pool', 'default_pool', '--raw', '--subdir', 'DAGS_FOLDER/xcom_dag.py', '--cfg-path', '/tmp/tmpo_wj9qxu', '--error-file', '/tmp/tmpf5c1cw66']
[2022-03-18 21:32:34,979] {standard_task_runner.py:77} INFO - Job 64: Subtask processing_tasks.training_model_c
[2022-03-18 21:32:35,088] {logging_mixin.py:104} INFO - Running <TaskInstance: xcom_dag.processing_tasks.training_model_c 2022-03-17T00:00:00+00:00 [running]> on host pc
[2022-03-18 21:32:35,215] {taskinstance.py:1282} INFO - Exporting the following env vars:
AIRFLOW_CTX_DAG_OWNER=airflow
AIRFLOW_CTX_DAG_ID=xcom_dag
AIRFLOW_CTX_TASK_ID=processing_tasks.training_model_c
AIRFLOW_CTX_EXECUTION_DATE=2022-03-17T00:00:00+00:00
AIRFLOW_CTX_DAG_RUN_ID=scheduled__2022-03-17T00:00:00+00:00
[2022-03-18 21:32:35,216] {logging_mixin.py:104} INFO - model's accuracy: 5.958440793702455
[2022-03-18 21:32:35,363] {python.py:151} INFO - Done. Returned value was: None
[2022-03-18 21:32:35,435] {taskinstance.py:1191} INFO - Marking task as SUCCESS. dag_id=xcom_dag, task_id=processing_tasks.training_model_c, execution_date=20220317T000000, start_date=20220318T160234, end_date=20220318T160235
[2022-03-18 21:32:35,624] {taskinstance.py:1245} INFO - 1 downstream tasks scheduled from follow-on schedule check
[2022-03-18 21:32:35,672] {local_task_job.py:151} INFO - Task exited with return code 0
