[2022-03-18 21:08:18,386] {taskinstance.py:876} INFO - Dependencies all met for <TaskInstance: xcom_dag.task_4 2022-03-17T00:00:00+00:00 [queued]>
[2022-03-18 21:08:18,426] {taskinstance.py:876} INFO - Dependencies all met for <TaskInstance: xcom_dag.task_4 2022-03-17T00:00:00+00:00 [queued]>
[2022-03-18 21:08:18,426] {taskinstance.py:1067} INFO - 
--------------------------------------------------------------------------------
[2022-03-18 21:08:18,426] {taskinstance.py:1068} INFO - Starting attempt 4 of 4
[2022-03-18 21:08:18,427] {taskinstance.py:1069} INFO - 
--------------------------------------------------------------------------------
[2022-03-18 21:08:18,441] {taskinstance.py:1087} INFO - Executing <Task(PythonOperator): task_4> on 2022-03-17T00:00:00+00:00
[2022-03-18 21:08:18,449] {standard_task_runner.py:52} INFO - Started process 7792 to run task
[2022-03-18 21:08:18,455] {standard_task_runner.py:76} INFO - Running: ['airflow', 'tasks', 'run', 'xcom_dag', 'task_4', '2022-03-17T00:00:00+00:00', '--job-id', '50', '--pool', 'default_pool', '--raw', '--subdir', 'DAGS_FOLDER/xcom_dag.py', '--cfg-path', '/tmp/tmp7jzonc6c', '--error-file', '/tmp/tmpfr3hke5v']
[2022-03-18 21:08:18,458] {standard_task_runner.py:77} INFO - Job 50: Subtask task_4
[2022-03-18 21:08:18,563] {logging_mixin.py:104} INFO - Running <TaskInstance: xcom_dag.task_4 2022-03-17T00:00:00+00:00 [running]> on host pc
[2022-03-18 21:08:18,699] {taskinstance.py:1282} INFO - Exporting the following env vars:
AIRFLOW_CTX_DAG_OWNER=airflow
AIRFLOW_CTX_DAG_ID=xcom_dag
AIRFLOW_CTX_TASK_ID=task_4
AIRFLOW_CTX_EXECUTION_DATE=2022-03-17T00:00:00+00:00
AIRFLOW_CTX_DAG_RUN_ID=scheduled__2022-03-17T00:00:00+00:00
[2022-03-18 21:08:18,713] {logging_mixin.py:104} INFO - accuracies are [3.1684752350152294, 0.9507231980887132, 3.3910714211079105]
[2022-03-18 21:08:18,714] {logging_mixin.py:104} INFO - best is 3.3910714211079105
[2022-03-18 21:08:18,714] {python.py:151} INFO - Done. Returned value was: None
[2022-03-18 21:08:18,740] {taskinstance.py:1191} INFO - Marking task as SUCCESS. dag_id=xcom_dag, task_id=task_4, execution_date=20220317T000000, start_date=20220318T153818, end_date=20220318T153818
[2022-03-18 21:08:18,806] {taskinstance.py:1245} INFO - 0 downstream tasks scheduled from follow-on schedule check
[2022-03-18 21:08:18,826] {local_task_job.py:151} INFO - Task exited with return code 0
