[2022-03-18 21:26:28,544] {taskinstance.py:876} INFO - Dependencies all met for <TaskInstance: xcom_dag.task_4 2022-03-17T00:00:00+00:00 [queued]>
[2022-03-18 21:26:28,598] {taskinstance.py:876} INFO - Dependencies all met for <TaskInstance: xcom_dag.task_4 2022-03-17T00:00:00+00:00 [queued]>
[2022-03-18 21:26:28,599] {taskinstance.py:1067} INFO - 
--------------------------------------------------------------------------------
[2022-03-18 21:26:28,599] {taskinstance.py:1068} INFO - Starting attempt 5 of 5
[2022-03-18 21:26:28,601] {taskinstance.py:1069} INFO - 
--------------------------------------------------------------------------------
[2022-03-18 21:26:28,616] {taskinstance.py:1087} INFO - Executing <Task(PythonOperator): task_4> on 2022-03-17T00:00:00+00:00
[2022-03-18 21:26:28,623] {standard_task_runner.py:52} INFO - Started process 9631 to run task
[2022-03-18 21:26:28,629] {standard_task_runner.py:76} INFO - Running: ['airflow', 'tasks', 'run', 'xcom_dag', 'task_4', '2022-03-17T00:00:00+00:00', '--job-id', '55', '--pool', 'default_pool', '--raw', '--subdir', 'DAGS_FOLDER/xcom_dag.py', '--cfg-path', '/tmp/tmpibdwvpk4', '--error-file', '/tmp/tmpzfrnswgz']
[2022-03-18 21:26:28,631] {standard_task_runner.py:77} INFO - Job 55: Subtask task_4
[2022-03-18 21:26:28,713] {logging_mixin.py:104} INFO - Running <TaskInstance: xcom_dag.task_4 2022-03-17T00:00:00+00:00 [running]> on host pc
[2022-03-18 21:26:28,808] {taskinstance.py:1282} INFO - Exporting the following env vars:
AIRFLOW_CTX_DAG_OWNER=airflow
AIRFLOW_CTX_DAG_ID=xcom_dag
AIRFLOW_CTX_TASK_ID=task_4
AIRFLOW_CTX_EXECUTION_DATE=2022-03-17T00:00:00+00:00
AIRFLOW_CTX_DAG_RUN_ID=scheduled__2022-03-17T00:00:00+00:00
[2022-03-18 21:26:28,823] {logging_mixin.py:104} INFO - accuracies are [8.630001124346423, 1.4727489294947271, 1.0816674301087499]
[2022-03-18 21:26:28,823] {logging_mixin.py:104} INFO - best is 8.630001124346423
[2022-03-18 21:26:28,823] {python.py:151} INFO - Done. Returned value was: None
[2022-03-18 21:26:28,849] {taskinstance.py:1191} INFO - Marking task as SUCCESS. dag_id=xcom_dag, task_id=task_4, execution_date=20220317T000000, start_date=20220318T155628, end_date=20220318T155628
[2022-03-18 21:26:28,915] {taskinstance.py:1245} INFO - 1 downstream tasks scheduled from follow-on schedule check
[2022-03-18 21:26:28,959] {local_task_job.py:151} INFO - Task exited with return code 0
