[2022-03-18 21:30:48,372] {taskinstance.py:876} INFO - Dependencies all met for <TaskInstance: xcom_dag.task_4 2022-03-17T00:00:00+00:00 [queued]>
[2022-03-18 21:30:48,404] {taskinstance.py:876} INFO - Dependencies all met for <TaskInstance: xcom_dag.task_4 2022-03-17T00:00:00+00:00 [queued]>
[2022-03-18 21:30:48,404] {taskinstance.py:1067} INFO - 
--------------------------------------------------------------------------------
[2022-03-18 21:30:48,405] {taskinstance.py:1068} INFO - Starting attempt 6 of 6
[2022-03-18 21:30:48,406] {taskinstance.py:1069} INFO - 
--------------------------------------------------------------------------------
[2022-03-18 21:30:48,432] {taskinstance.py:1087} INFO - Executing <Task(PythonOperator): task_4> on 2022-03-17T00:00:00+00:00
[2022-03-18 21:30:48,441] {standard_task_runner.py:52} INFO - Started process 10288 to run task
[2022-03-18 21:30:48,448] {standard_task_runner.py:76} INFO - Running: ['airflow', 'tasks', 'run', 'xcom_dag', 'task_4', '2022-03-17T00:00:00+00:00', '--job-id', '61', '--pool', 'default_pool', '--raw', '--subdir', 'DAGS_FOLDER/xcom_dag.py', '--cfg-path', '/tmp/tmp6kemiyf4', '--error-file', '/tmp/tmpb_w1b7f7']
[2022-03-18 21:30:48,450] {standard_task_runner.py:77} INFO - Job 61: Subtask task_4
[2022-03-18 21:30:48,532] {logging_mixin.py:104} INFO - Running <TaskInstance: xcom_dag.task_4 2022-03-17T00:00:00+00:00 [running]> on host pc
[2022-03-18 21:30:48,645] {taskinstance.py:1282} INFO - Exporting the following env vars:
AIRFLOW_CTX_DAG_OWNER=airflow
AIRFLOW_CTX_DAG_ID=xcom_dag
AIRFLOW_CTX_TASK_ID=task_4
AIRFLOW_CTX_EXECUTION_DATE=2022-03-17T00:00:00+00:00
AIRFLOW_CTX_DAG_RUN_ID=scheduled__2022-03-17T00:00:00+00:00
[2022-03-18 21:30:48,665] {logging_mixin.py:104} INFO - accuracies are [0.32217639649397256, 1.7029514181397443, 6.303171828742779]
[2022-03-18 21:30:48,665] {logging_mixin.py:104} INFO - best is 6.303171828742779
[2022-03-18 21:30:48,697] {python.py:151} INFO - Done. Returned value was: None
[2022-03-18 21:30:48,731] {taskinstance.py:1191} INFO - Marking task as SUCCESS. dag_id=xcom_dag, task_id=task_4, execution_date=20220317T000000, start_date=20220318T160048, end_date=20220318T160048
[2022-03-18 21:30:48,797] {taskinstance.py:1245} INFO - 1 downstream tasks scheduled from follow-on schedule check
[2022-03-18 21:30:48,819] {local_task_job.py:151} INFO - Task exited with return code 0
