[2022-03-18 21:32:36,157] {taskinstance.py:876} INFO - Dependencies all met for <TaskInstance: xcom_dag.task_4 2022-03-17T00:00:00+00:00 [queued]>
[2022-03-18 21:32:36,197] {taskinstance.py:876} INFO - Dependencies all met for <TaskInstance: xcom_dag.task_4 2022-03-17T00:00:00+00:00 [queued]>
[2022-03-18 21:32:36,197] {taskinstance.py:1067} INFO - 
--------------------------------------------------------------------------------
[2022-03-18 21:32:36,197] {taskinstance.py:1068} INFO - Starting attempt 7 of 7
[2022-03-18 21:32:36,198] {taskinstance.py:1069} INFO - 
--------------------------------------------------------------------------------
[2022-03-18 21:32:36,222] {taskinstance.py:1087} INFO - Executing <Task(PythonOperator): task_4> on 2022-03-17T00:00:00+00:00
[2022-03-18 21:32:36,232] {standard_task_runner.py:52} INFO - Started process 10739 to run task
[2022-03-18 21:32:36,237] {standard_task_runner.py:76} INFO - Running: ['airflow', 'tasks', 'run', 'xcom_dag', 'task_4', '2022-03-17T00:00:00+00:00', '--job-id', '67', '--pool', 'default_pool', '--raw', '--subdir', 'DAGS_FOLDER/xcom_dag.py', '--cfg-path', '/tmp/tmpem57j4g2', '--error-file', '/tmp/tmpdoehdo77']
[2022-03-18 21:32:36,240] {standard_task_runner.py:77} INFO - Job 67: Subtask task_4
[2022-03-18 21:32:36,332] {logging_mixin.py:104} INFO - Running <TaskInstance: xcom_dag.task_4 2022-03-17T00:00:00+00:00 [running]> on host pc
[2022-03-18 21:32:36,453] {taskinstance.py:1282} INFO - Exporting the following env vars:
AIRFLOW_CTX_DAG_OWNER=airflow
AIRFLOW_CTX_DAG_ID=xcom_dag
AIRFLOW_CTX_TASK_ID=task_4
AIRFLOW_CTX_EXECUTION_DATE=2022-03-17T00:00:00+00:00
AIRFLOW_CTX_DAG_RUN_ID=scheduled__2022-03-17T00:00:00+00:00
[2022-03-18 21:32:36,469] {logging_mixin.py:104} INFO - accuracies are [7.964694417420323, 2.4511515867400684, 5.958440793702455]
[2022-03-18 21:32:36,469] {logging_mixin.py:104} INFO - best is 7.964694417420323
[2022-03-18 21:32:36,510] {python.py:151} INFO - Done. Returned value was: None
[2022-03-18 21:32:36,543] {taskinstance.py:1191} INFO - Marking task as SUCCESS. dag_id=xcom_dag, task_id=task_4, execution_date=20220317T000000, start_date=20220318T160236, end_date=20220318T160236
[2022-03-18 21:32:36,609] {taskinstance.py:1245} INFO - 1 downstream tasks scheduled from follow-on schedule check
[2022-03-18 21:32:36,648] {local_task_job.py:151} INFO - Task exited with return code 0
