[2022-03-18 12:27:36,844] {taskinstance.py:876} INFO - Dependencies all met for <TaskInstance: parallel_dag.task_2 2022-03-17T00:00:00+00:00 [queued]>
[2022-03-18 12:27:36,921] {taskinstance.py:876} INFO - Dependencies all met for <TaskInstance: parallel_dag.task_2 2022-03-17T00:00:00+00:00 [queued]>
[2022-03-18 12:27:36,928] {taskinstance.py:1067} INFO - 
--------------------------------------------------------------------------------
[2022-03-18 12:27:36,933] {taskinstance.py:1068} INFO - Starting attempt 1 of 1
[2022-03-18 12:27:36,934] {taskinstance.py:1069} INFO - 
--------------------------------------------------------------------------------
[2022-03-18 12:27:37,195] {taskinstance.py:1087} INFO - Executing <Task(BashOperator): task_2> on 2022-03-17T00:00:00+00:00
[2022-03-18 12:27:37,203] {standard_task_runner.py:52} INFO - Started process 6790 to run task
[2022-03-18 12:27:37,251] {standard_task_runner.py:76} INFO - Running: ['airflow', 'tasks', 'run', 'parallel_dag', 'task_2', '2022-03-17T00:00:00+00:00', '--job-id', '16', '--pool', 'default_pool', '--raw', '--subdir', 'DAGS_FOLDER/parallel_dag.py', '--cfg-path', '/tmp/tmpl6ydkd3h', '--error-file', '/tmp/tmp34ggukhg']
[2022-03-18 12:27:37,272] {standard_task_runner.py:77} INFO - Job 16: Subtask task_2
[2022-03-18 12:27:37,561] {logging_mixin.py:104} INFO - Running <TaskInstance: parallel_dag.task_2 2022-03-17T00:00:00+00:00 [running]> on host pc
[2022-03-18 12:27:37,931] {taskinstance.py:1282} INFO - Exporting the following env vars:
AIRFLOW_CTX_DAG_OWNER=airflow
AIRFLOW_CTX_DAG_ID=parallel_dag
AIRFLOW_CTX_TASK_ID=task_2
AIRFLOW_CTX_EXECUTION_DATE=2022-03-17T00:00:00+00:00
AIRFLOW_CTX_DAG_RUN_ID=scheduled__2022-03-17T00:00:00+00:00
[2022-03-18 12:27:37,933] {subprocess.py:52} INFO - Tmp dir root location: 
 /tmp
[2022-03-18 12:27:37,934] {subprocess.py:63} INFO - Running command: ['bash', '-c', 'sleep 3']
[2022-03-18 12:27:37,973] {subprocess.py:75} INFO - Output:
[2022-03-18 12:27:40,981] {subprocess.py:83} INFO - Command exited with return code 0
[2022-03-18 12:27:41,124] {taskinstance.py:1191} INFO - Marking task as SUCCESS. dag_id=parallel_dag, task_id=task_2, execution_date=20220317T000000, start_date=20220318T065736, end_date=20220318T065741
[2022-03-18 12:27:41,344] {taskinstance.py:1245} INFO - 0 downstream tasks scheduled from follow-on schedule check
[2022-03-18 12:27:41,375] {local_task_job.py:151} INFO - Task exited with return code 0
[2022-03-18 12:53:28,317] {taskinstance.py:876} INFO - Dependencies all met for <TaskInstance: parallel_dag.task_2 2022-03-17T00:00:00+00:00 [queued]>
[2022-03-18 12:53:28,397] {taskinstance.py:876} INFO - Dependencies all met for <TaskInstance: parallel_dag.task_2 2022-03-17T00:00:00+00:00 [queued]>
[2022-03-18 12:53:28,397] {taskinstance.py:1067} INFO - 
--------------------------------------------------------------------------------
[2022-03-18 12:53:28,397] {taskinstance.py:1068} INFO - Starting attempt 1 of 1
[2022-03-18 12:53:28,400] {taskinstance.py:1069} INFO - 
--------------------------------------------------------------------------------
[2022-03-18 12:53:28,466] {taskinstance.py:1087} INFO - Executing <Task(BashOperator): task_2> on 2022-03-17T00:00:00+00:00
[2022-03-18 12:53:28,474] {standard_task_runner.py:52} INFO - Started process 17283 to run task
[2022-03-18 12:53:28,490] {standard_task_runner.py:76} INFO - Running: ['airflow', 'tasks', 'run', 'parallel_dag', 'task_2', '2022-03-17T00:00:00+00:00', '--job-id', '3', '--pool', 'default_pool', '--raw', '--subdir', 'DAGS_FOLDER/parallel_dag.py', '--cfg-path', '/tmp/tmps1_bav_9', '--error-file', '/tmp/tmpzfhr6xz8']
[2022-03-18 12:53:28,496] {standard_task_runner.py:77} INFO - Job 3: Subtask task_2
[2022-03-18 12:53:28,656] {logging_mixin.py:104} INFO - Running <TaskInstance: parallel_dag.task_2 2022-03-17T00:00:00+00:00 [running]> on host pc
[2022-03-18 12:53:28,827] {taskinstance.py:1282} INFO - Exporting the following env vars:
AIRFLOW_CTX_DAG_OWNER=airflow
AIRFLOW_CTX_DAG_ID=parallel_dag
AIRFLOW_CTX_TASK_ID=task_2
AIRFLOW_CTX_EXECUTION_DATE=2022-03-17T00:00:00+00:00
AIRFLOW_CTX_DAG_RUN_ID=scheduled__2022-03-17T00:00:00+00:00
[2022-03-18 12:53:28,828] {subprocess.py:52} INFO - Tmp dir root location: 
 /tmp
[2022-03-18 12:53:28,829] {subprocess.py:63} INFO - Running command: ['bash', '-c', 'sleep 3']
[2022-03-18 12:53:28,839] {subprocess.py:75} INFO - Output:
[2022-03-18 12:53:31,843] {subprocess.py:83} INFO - Command exited with return code 0
[2022-03-18 12:53:31,984] {taskinstance.py:1191} INFO - Marking task as SUCCESS. dag_id=parallel_dag, task_id=task_2, execution_date=20220317T000000, start_date=20220318T072328, end_date=20220318T072331
[2022-03-18 12:53:32,049] {taskinstance.py:1245} INFO - 1 downstream tasks scheduled from follow-on schedule check
[2022-03-18 12:53:32,079] {local_task_job.py:151} INFO - Task exited with return code 0
