[2022-03-18 12:32:26,892] {taskinstance.py:876} INFO - Dependencies all met for <TaskInstance: parallel_dag.task_2 2022-03-17T00:00:00+00:00 [queued]>
[2022-03-18 12:32:26,901] {taskinstance.py:876} INFO - Dependencies all met for <TaskInstance: parallel_dag.task_2 2022-03-17T00:00:00+00:00 [queued]>
[2022-03-18 12:32:26,902] {taskinstance.py:1067} INFO - 
--------------------------------------------------------------------------------
[2022-03-18 12:32:26,902] {taskinstance.py:1068} INFO - Starting attempt 2 of 2
[2022-03-18 12:32:26,902] {taskinstance.py:1069} INFO - 
--------------------------------------------------------------------------------
[2022-03-18 12:32:27,000] {taskinstance.py:1087} INFO - Executing <Task(BashOperator): task_2> on 2022-03-17T00:00:00+00:00
[2022-03-18 12:32:27,004] {standard_task_runner.py:52} INFO - Started process 8140 to run task
[2022-03-18 12:32:27,013] {standard_task_runner.py:76} INFO - Running: ['airflow', 'tasks', 'run', 'parallel_dag', 'task_2', '2022-03-17T00:00:00+00:00', '--job-id', '19', '--pool', 'default_pool', '--raw', '--subdir', 'DAGS_FOLDER/parallel_dag.py', '--cfg-path', '/tmp/tmpy40vx9td', '--error-file', '/tmp/tmpabnfdqw7']
[2022-03-18 12:32:27,015] {standard_task_runner.py:77} INFO - Job 19: Subtask task_2
[2022-03-18 12:32:27,164] {logging_mixin.py:104} INFO - Running <TaskInstance: parallel_dag.task_2 2022-03-17T00:00:00+00:00 [running]> on host pc
[2022-03-18 12:32:27,486] {taskinstance.py:1282} INFO - Exporting the following env vars:
AIRFLOW_CTX_DAG_OWNER=airflow
AIRFLOW_CTX_DAG_ID=parallel_dag
AIRFLOW_CTX_TASK_ID=task_2
AIRFLOW_CTX_EXECUTION_DATE=2022-03-17T00:00:00+00:00
AIRFLOW_CTX_DAG_RUN_ID=scheduled__2022-03-17T00:00:00+00:00
[2022-03-18 12:32:27,489] {subprocess.py:52} INFO - Tmp dir root location: 
 /tmp
[2022-03-18 12:32:27,490] {subprocess.py:63} INFO - Running command: ['bash', '-c', 'sleep 3']
[2022-03-18 12:32:27,502] {subprocess.py:75} INFO - Output:
[2022-03-18 12:32:30,511] {subprocess.py:83} INFO - Command exited with return code 0
[2022-03-18 12:32:30,657] {taskinstance.py:1191} INFO - Marking task as SUCCESS. dag_id=parallel_dag, task_id=task_2, execution_date=20220317T000000, start_date=20220318T070226, end_date=20220318T070230
[2022-03-18 12:32:30,792] {taskinstance.py:1245} INFO - 0 downstream tasks scheduled from follow-on schedule check
[2022-03-18 12:32:30,805] {local_task_job.py:151} INFO - Task exited with return code 0
[2022-03-18 12:56:27,628] {taskinstance.py:876} INFO - Dependencies all met for <TaskInstance: parallel_dag.task_2 2022-03-17T00:00:00+00:00 [queued]>
[2022-03-18 12:56:27,691] {taskinstance.py:876} INFO - Dependencies all met for <TaskInstance: parallel_dag.task_2 2022-03-17T00:00:00+00:00 [queued]>
[2022-03-18 12:56:27,691] {taskinstance.py:1067} INFO - 
--------------------------------------------------------------------------------
[2022-03-18 12:56:27,691] {taskinstance.py:1068} INFO - Starting attempt 2 of 2
[2022-03-18 12:56:27,693] {taskinstance.py:1069} INFO - 
--------------------------------------------------------------------------------
[2022-03-18 12:56:27,735] {taskinstance.py:1087} INFO - Executing <Task(BashOperator): task_2> on 2022-03-17T00:00:00+00:00
[2022-03-18 12:56:27,742] {standard_task_runner.py:52} INFO - Started process 19806 to run task
[2022-03-18 12:56:27,757] {standard_task_runner.py:76} INFO - Running: ['airflow', 'tasks', 'run', 'parallel_dag', 'task_2', '2022-03-17T00:00:00+00:00', '--job-id', '7', '--pool', 'default_pool', '--raw', '--subdir', 'DAGS_FOLDER/parallel_dag.py', '--cfg-path', '/tmp/tmpnpretvzg', '--error-file', '/tmp/tmpkghuvnru']
[2022-03-18 12:56:27,760] {standard_task_runner.py:77} INFO - Job 7: Subtask task_2
[2022-03-18 12:56:27,939] {logging_mixin.py:104} INFO - Running <TaskInstance: parallel_dag.task_2 2022-03-17T00:00:00+00:00 [running]> on host pc
[2022-03-18 12:56:28,228] {taskinstance.py:1282} INFO - Exporting the following env vars:
AIRFLOW_CTX_DAG_OWNER=airflow
AIRFLOW_CTX_DAG_ID=parallel_dag
AIRFLOW_CTX_TASK_ID=task_2
AIRFLOW_CTX_EXECUTION_DATE=2022-03-17T00:00:00+00:00
AIRFLOW_CTX_DAG_RUN_ID=scheduled__2022-03-17T00:00:00+00:00
[2022-03-18 12:56:28,229] {subprocess.py:52} INFO - Tmp dir root location: 
 /tmp
[2022-03-18 12:56:28,231] {subprocess.py:63} INFO - Running command: ['bash', '-c', 'sleep 3']
[2022-03-18 12:56:28,246] {subprocess.py:75} INFO - Output:
[2022-03-18 12:56:31,256] {subprocess.py:83} INFO - Command exited with return code 0
[2022-03-18 12:56:31,333] {taskinstance.py:1191} INFO - Marking task as SUCCESS. dag_id=parallel_dag, task_id=task_2, execution_date=20220317T000000, start_date=20220318T072627, end_date=20220318T072631
[2022-03-18 12:56:31,399] {taskinstance.py:1245} INFO - 1 downstream tasks scheduled from follow-on schedule check
[2022-03-18 12:56:31,429] {local_task_job.py:151} INFO - Task exited with return code 0
