[2022-03-18 21:26:29,610] {taskinstance.py:876} INFO - Dependencies all met for <TaskInstance: xcom_dag.is_accurate 2022-03-17T00:00:00+00:00 [queued]>
[2022-03-18 21:26:29,657] {taskinstance.py:876} INFO - Dependencies all met for <TaskInstance: xcom_dag.is_accurate 2022-03-17T00:00:00+00:00 [queued]>
[2022-03-18 21:26:29,658] {taskinstance.py:1067} INFO - 
--------------------------------------------------------------------------------
[2022-03-18 21:26:29,658] {taskinstance.py:1068} INFO - Starting attempt 1 of 1
[2022-03-18 21:26:29,659] {taskinstance.py:1069} INFO - 
--------------------------------------------------------------------------------
[2022-03-18 21:26:29,679] {taskinstance.py:1087} INFO - Executing <Task(BranchPythonOperator): is_accurate> on 2022-03-17T00:00:00+00:00
[2022-03-18 21:26:29,686] {standard_task_runner.py:52} INFO - Started process 9670 to run task
[2022-03-18 21:26:29,693] {standard_task_runner.py:76} INFO - Running: ['airflow', 'tasks', 'run', 'xcom_dag', 'is_accurate', '2022-03-17T00:00:00+00:00', '--job-id', '56', '--pool', 'default_pool', '--raw', '--subdir', 'DAGS_FOLDER/xcom_dag.py', '--cfg-path', '/tmp/tmp6vwfozif', '--error-file', '/tmp/tmpbequop39']
[2022-03-18 21:26:29,696] {standard_task_runner.py:77} INFO - Job 56: Subtask is_accurate
[2022-03-18 21:26:29,779] {logging_mixin.py:104} INFO - Running <TaskInstance: xcom_dag.is_accurate 2022-03-17T00:00:00+00:00 [running]> on host pc
[2022-03-18 21:26:29,895] {taskinstance.py:1282} INFO - Exporting the following env vars:
AIRFLOW_CTX_DAG_OWNER=airflow
AIRFLOW_CTX_DAG_ID=xcom_dag
AIRFLOW_CTX_TASK_ID=is_accurate
AIRFLOW_CTX_EXECUTION_DATE=2022-03-17T00:00:00+00:00
AIRFLOW_CTX_DAG_RUN_ID=scheduled__2022-03-17T00:00:00+00:00
[2022-03-18 21:26:29,896] {python.py:151} INFO - Done. Returned value was: accurate
[2022-03-18 21:26:29,896] {skipmixin.py:124} INFO - Following branch accurate
[2022-03-18 21:26:29,917] {skipmixin.py:155} INFO - Skipping tasks ['iinaccurate']
[2022-03-18 21:26:30,044] {taskinstance.py:1191} INFO - Marking task as SUCCESS. dag_id=xcom_dag, task_id=is_accurate, execution_date=20220317T000000, start_date=20220318T155629, end_date=20220318T155630
[2022-03-18 21:26:30,122] {taskinstance.py:1245} INFO - 1 downstream tasks scheduled from follow-on schedule check
[2022-03-18 21:26:30,143] {local_task_job.py:151} INFO - Task exited with return code 0
