[2022-03-18 21:32:37,654] {taskinstance.py:876} INFO - Dependencies all met for <TaskInstance: xcom_dag.is_accurate 2022-03-17T00:00:00+00:00 [queued]>
[2022-03-18 21:32:37,700] {taskinstance.py:876} INFO - Dependencies all met for <TaskInstance: xcom_dag.is_accurate 2022-03-17T00:00:00+00:00 [queued]>
[2022-03-18 21:32:37,700] {taskinstance.py:1067} INFO - 
--------------------------------------------------------------------------------
[2022-03-18 21:32:37,700] {taskinstance.py:1068} INFO - Starting attempt 3 of 3
[2022-03-18 21:32:37,702] {taskinstance.py:1069} INFO - 
--------------------------------------------------------------------------------
[2022-03-18 21:32:37,716] {taskinstance.py:1087} INFO - Executing <Task(BranchPythonOperator): is_accurate> on 2022-03-17T00:00:00+00:00
[2022-03-18 21:32:37,725] {standard_task_runner.py:52} INFO - Started process 10776 to run task
[2022-03-18 21:32:37,731] {standard_task_runner.py:76} INFO - Running: ['airflow', 'tasks', 'run', 'xcom_dag', 'is_accurate', '2022-03-17T00:00:00+00:00', '--job-id', '68', '--pool', 'default_pool', '--raw', '--subdir', 'DAGS_FOLDER/xcom_dag.py', '--cfg-path', '/tmp/tmpbtnhcl87', '--error-file', '/tmp/tmpk0dod1oy']
[2022-03-18 21:32:37,733] {standard_task_runner.py:77} INFO - Job 68: Subtask is_accurate
[2022-03-18 21:32:37,816] {logging_mixin.py:104} INFO - Running <TaskInstance: xcom_dag.is_accurate 2022-03-17T00:00:00+00:00 [running]> on host pc
[2022-03-18 21:32:37,919] {taskinstance.py:1282} INFO - Exporting the following env vars:
AIRFLOW_CTX_DAG_OWNER=airflow
AIRFLOW_CTX_DAG_ID=xcom_dag
AIRFLOW_CTX_TASK_ID=is_accurate
AIRFLOW_CTX_EXECUTION_DATE=2022-03-17T00:00:00+00:00
AIRFLOW_CTX_DAG_RUN_ID=scheduled__2022-03-17T00:00:00+00:00
[2022-03-18 21:32:37,933] {logging_mixin.py:104} INFO - [7.964694417420323]
[2022-03-18 21:32:37,933] {python.py:151} INFO - Done. Returned value was: accurate
[2022-03-18 21:32:37,934] {skipmixin.py:124} INFO - Following branch accurate
[2022-03-18 21:32:37,950] {skipmixin.py:155} INFO - Skipping tasks ['iinaccurate']
[2022-03-18 21:32:38,081] {taskinstance.py:1191} INFO - Marking task as SUCCESS. dag_id=xcom_dag, task_id=is_accurate, execution_date=20220317T000000, start_date=20220318T160237, end_date=20220318T160238
[2022-03-18 21:32:38,159] {taskinstance.py:1245} INFO - 1 downstream tasks scheduled from follow-on schedule check
[2022-03-18 21:32:38,182] {local_task_job.py:151} INFO - Task exited with return code 0
