[2022-03-18 21:58:12,292] {taskinstance.py:876} INFO - Dependencies all met for <TaskInstance: xcom_dag.is_accurate 2022-03-17T00:00:00+00:00 [queued]>
[2022-03-18 21:58:12,333] {taskinstance.py:876} INFO - Dependencies all met for <TaskInstance: xcom_dag.is_accurate 2022-03-17T00:00:00+00:00 [queued]>
[2022-03-18 21:58:12,333] {taskinstance.py:1067} INFO - 
--------------------------------------------------------------------------------
[2022-03-18 21:58:12,333] {taskinstance.py:1068} INFO - Starting attempt 4 of 4
[2022-03-18 21:58:12,335] {taskinstance.py:1069} INFO - 
--------------------------------------------------------------------------------
[2022-03-18 21:58:12,358] {taskinstance.py:1087} INFO - Executing <Task(BranchPythonOperator): is_accurate> on 2022-03-17T00:00:00+00:00
[2022-03-18 21:58:12,369] {standard_task_runner.py:52} INFO - Started process 14373 to run task
[2022-03-18 21:58:12,374] {standard_task_runner.py:76} INFO - Running: ['airflow', 'tasks', 'run', 'xcom_dag', 'is_accurate', '2022-03-17T00:00:00+00:00', '--job-id', '79', '--pool', 'default_pool', '--raw', '--subdir', 'DAGS_FOLDER/xcom_dag.py', '--cfg-path', '/tmp/tmpm4_e0xbn', '--error-file', '/tmp/tmp4qvhfb1f']
[2022-03-18 21:58:12,376] {standard_task_runner.py:77} INFO - Job 79: Subtask is_accurate
[2022-03-18 21:58:12,478] {logging_mixin.py:104} INFO - Running <TaskInstance: xcom_dag.is_accurate 2022-03-17T00:00:00+00:00 [running]> on host pc
[2022-03-18 21:58:12,596] {taskinstance.py:1282} INFO - Exporting the following env vars:
AIRFLOW_CTX_DAG_OWNER=airflow
AIRFLOW_CTX_DAG_ID=xcom_dag
AIRFLOW_CTX_TASK_ID=is_accurate
AIRFLOW_CTX_EXECUTION_DATE=2022-03-17T00:00:00+00:00
AIRFLOW_CTX_DAG_RUN_ID=scheduled__2022-03-17T00:00:00+00:00
[2022-03-18 21:58:12,611] {logging_mixin.py:104} INFO - [6.073876680426709]
[2022-03-18 21:58:12,612] {python.py:151} INFO - Done. Returned value was: accurate
[2022-03-18 21:58:12,612] {skipmixin.py:124} INFO - Following branch accurate
[2022-03-18 21:58:12,627] {skipmixin.py:155} INFO - Skipping tasks ['inaccurate']
[2022-03-18 21:58:12,779] {taskinstance.py:1191} INFO - Marking task as SUCCESS. dag_id=xcom_dag, task_id=is_accurate, execution_date=20220317T000000, start_date=20220318T162812, end_date=20220318T162812
[2022-03-18 21:58:12,856] {taskinstance.py:1245} INFO - 1 downstream tasks scheduled from follow-on schedule check
[2022-03-18 21:58:12,905] {local_task_job.py:151} INFO - Task exited with return code 0
