[2022-03-18 22:03:46,839] {taskinstance.py:876} INFO - Dependencies all met for <TaskInstance: xcom_dag.is_accurate 2022-03-18T16:29:20.447235+00:00 [queued]>
[2022-03-18 22:03:46,896] {taskinstance.py:876} INFO - Dependencies all met for <TaskInstance: xcom_dag.is_accurate 2022-03-18T16:29:20.447235+00:00 [queued]>
[2022-03-18 22:03:46,896] {taskinstance.py:1067} INFO - 
--------------------------------------------------------------------------------
[2022-03-18 22:03:46,896] {taskinstance.py:1068} INFO - Starting attempt 1 of 1
[2022-03-18 22:03:46,899] {taskinstance.py:1069} INFO - 
--------------------------------------------------------------------------------
[2022-03-18 22:03:46,952] {taskinstance.py:1087} INFO - Executing <Task(BranchPythonOperator): is_accurate> on 2022-03-18T16:29:20.447235+00:00
[2022-03-18 22:03:46,962] {standard_task_runner.py:52} INFO - Started process 16199 to run task
[2022-03-18 22:03:46,977] {standard_task_runner.py:76} INFO - Running: ['airflow', 'tasks', 'run', 'xcom_dag', 'is_accurate', '2022-03-18T16:29:20.447235+00:00', '--job-id', '91', '--pool', 'default_pool', '--raw', '--subdir', 'DAGS_FOLDER/xcom_dag.py', '--cfg-path', '/tmp/tmpzsm_rjwr', '--error-file', '/tmp/tmp06_vg8jv']
[2022-03-18 22:03:46,981] {standard_task_runner.py:77} INFO - Job 91: Subtask is_accurate
[2022-03-18 22:03:47,093] {logging_mixin.py:104} INFO - Running <TaskInstance: xcom_dag.is_accurate 2022-03-18T16:29:20.447235+00:00 [running]> on host pc
[2022-03-18 22:03:47,229] {taskinstance.py:1282} INFO - Exporting the following env vars:
AIRFLOW_CTX_DAG_OWNER=airflow
AIRFLOW_CTX_DAG_ID=xcom_dag
AIRFLOW_CTX_TASK_ID=is_accurate
AIRFLOW_CTX_EXECUTION_DATE=2022-03-18T16:29:20.447235+00:00
AIRFLOW_CTX_DAG_RUN_ID=manual__2022-03-18T16:29:20.447235+00:00
[2022-03-18 22:03:47,257] {logging_mixin.py:104} INFO - [8.630001124346423]
[2022-03-18 22:03:47,257] {python.py:151} INFO - Done. Returned value was: accurate
[2022-03-18 22:03:47,257] {skipmixin.py:124} INFO - Following branch accurate
[2022-03-18 22:03:47,279] {skipmixin.py:155} INFO - Skipping tasks ['inaccurate']
[2022-03-18 22:03:47,417] {taskinstance.py:1191} INFO - Marking task as SUCCESS. dag_id=xcom_dag, task_id=is_accurate, execution_date=20220318T162920, start_date=20220318T163346, end_date=20220318T163347
[2022-03-18 22:03:47,507] {taskinstance.py:1245} INFO - 1 downstream tasks scheduled from follow-on schedule check
[2022-03-18 22:03:47,557] {local_task_job.py:151} INFO - Task exited with return code 0
