[2022-03-17 17:52:12,272] {taskinstance.py:876} INFO - Dependencies all met for <TaskInstance: example_bash_operator.runme_0 2022-03-15T00:00:00+00:00 [queued]>
[2022-03-17 17:52:12,303] {taskinstance.py:876} INFO - Dependencies all met for <TaskInstance: example_bash_operator.runme_0 2022-03-15T00:00:00+00:00 [queued]>
[2022-03-17 17:52:12,304] {taskinstance.py:1067} INFO - 
--------------------------------------------------------------------------------
[2022-03-17 17:52:12,304] {taskinstance.py:1068} INFO - Starting attempt 1 of 1
[2022-03-17 17:52:12,304] {taskinstance.py:1069} INFO - 
--------------------------------------------------------------------------------
[2022-03-17 17:52:12,509] {taskinstance.py:1087} INFO - Executing <Task(BashOperator): runme_0> on 2022-03-15T00:00:00+00:00
[2022-03-17 17:52:12,513] {standard_task_runner.py:52} INFO - Started process 17649 to run task
[2022-03-17 17:52:12,531] {standard_task_runner.py:76} INFO - Running: ['airflow', 'tasks', 'run', 'example_bash_operator', 'runme_0', '2022-03-15T00:00:00+00:00', '--job-id', '2', '--pool', 'default_pool', '--raw', '--subdir', '/home/anupam/venv/lib/python3.6/site-packages/airflow/example_dags/example_bash_operator.py', '--cfg-path', '/tmp/tmpjjkns1ib', '--error-file', '/tmp/tmp63gyy9_t']
[2022-03-17 17:52:12,541] {standard_task_runner.py:77} INFO - Job 2: Subtask runme_0
[2022-03-17 17:52:12,708] {logging_mixin.py:104} INFO - Running <TaskInstance: example_bash_operator.runme_0 2022-03-15T00:00:00+00:00 [running]> on host pc
[2022-03-17 17:52:12,935] {taskinstance.py:1282} INFO - Exporting the following env vars:
AIRFLOW_CTX_DAG_OWNER=airflow
AIRFLOW_CTX_DAG_ID=example_bash_operator
AIRFLOW_CTX_TASK_ID=runme_0
AIRFLOW_CTX_EXECUTION_DATE=2022-03-15T00:00:00+00:00
AIRFLOW_CTX_DAG_RUN_ID=scheduled__2022-03-15T00:00:00+00:00
[2022-03-17 17:52:12,937] {subprocess.py:52} INFO - Tmp dir root location: 
 /tmp
[2022-03-17 17:52:12,937] {subprocess.py:63} INFO - Running command: ['bash', '-c', 'echo "example_bash_operator__runme_0__20220315" && sleep 1']
[2022-03-17 17:52:12,953] {subprocess.py:75} INFO - Output:
[2022-03-17 17:52:12,954] {subprocess.py:79} INFO - example_bash_operator__runme_0__20220315
[2022-03-17 17:52:13,956] {subprocess.py:83} INFO - Command exited with return code 0
[2022-03-17 17:52:14,218] {taskinstance.py:1191} INFO - Marking task as SUCCESS. dag_id=example_bash_operator, task_id=runme_0, execution_date=20220315T000000, start_date=20220317T122212, end_date=20220317T122214
[2022-03-17 17:52:14,534] {taskinstance.py:1245} INFO - 0 downstream tasks scheduled from follow-on schedule check
[2022-03-17 17:52:14,592] {local_task_job.py:151} INFO - Task exited with return code 0
