[2022-03-17 17:52:28,559] {taskinstance.py:876} INFO - Dependencies all met for <TaskInstance: example_bash_operator.also_run_this 2022-03-15T00:00:00+00:00 [queued]>
[2022-03-17 17:52:28,567] {taskinstance.py:876} INFO - Dependencies all met for <TaskInstance: example_bash_operator.also_run_this 2022-03-15T00:00:00+00:00 [queued]>
[2022-03-17 17:52:28,567] {taskinstance.py:1067} INFO - 
--------------------------------------------------------------------------------
[2022-03-17 17:52:28,568] {taskinstance.py:1068} INFO - Starting attempt 1 of 1
[2022-03-17 17:52:28,568] {taskinstance.py:1069} INFO - 
--------------------------------------------------------------------------------
[2022-03-17 17:52:28,697] {taskinstance.py:1087} INFO - Executing <Task(BashOperator): also_run_this> on 2022-03-15T00:00:00+00:00
[2022-03-17 17:52:28,702] {standard_task_runner.py:52} INFO - Started process 17843 to run task
[2022-03-17 17:52:28,710] {standard_task_runner.py:76} INFO - Running: ['airflow', 'tasks', 'run', 'example_bash_operator', 'also_run_this', '2022-03-15T00:00:00+00:00', '--job-id', '5', '--pool', 'default_pool', '--raw', '--subdir', '/home/anupam/venv/lib/python3.6/site-packages/airflow/example_dags/example_bash_operator.py', '--cfg-path', '/tmp/tmprawt5amc', '--error-file', '/tmp/tmpewdlm8t_']
[2022-03-17 17:52:28,712] {standard_task_runner.py:77} INFO - Job 5: Subtask also_run_this
[2022-03-17 17:52:28,824] {logging_mixin.py:104} INFO - Running <TaskInstance: example_bash_operator.also_run_this 2022-03-15T00:00:00+00:00 [running]> on host pc
[2022-03-17 17:52:29,031] {taskinstance.py:1282} INFO - Exporting the following env vars:
AIRFLOW_CTX_DAG_OWNER=airflow
AIRFLOW_CTX_DAG_ID=example_bash_operator
AIRFLOW_CTX_TASK_ID=also_run_this
AIRFLOW_CTX_EXECUTION_DATE=2022-03-15T00:00:00+00:00
AIRFLOW_CTX_DAG_RUN_ID=scheduled__2022-03-15T00:00:00+00:00
[2022-03-17 17:52:29,033] {subprocess.py:52} INFO - Tmp dir root location: 
 /tmp
[2022-03-17 17:52:29,034] {subprocess.py:63} INFO - Running command: ['bash', '-c', 'echo "run_id=scheduled__2022-03-15T00:00:00+00:00 | dag_run=<DagRun example_bash_operator @ 2022-03-15 00:00:00+00:00: scheduled__2022-03-15T00:00:00+00:00, externally triggered: False>"']
[2022-03-17 17:52:29,042] {subprocess.py:75} INFO - Output:
[2022-03-17 17:52:29,043] {subprocess.py:79} INFO - run_id=scheduled__2022-03-15T00:00:00+00:00 | dag_run=<DagRun example_bash_operator @ 2022-03-15 00:00:00+00:00: scheduled__2022-03-15T00:00:00+00:00, externally triggered: False>
[2022-03-17 17:52:29,044] {subprocess.py:83} INFO - Command exited with return code 0
[2022-03-17 17:52:29,144] {taskinstance.py:1191} INFO - Marking task as SUCCESS. dag_id=example_bash_operator, task_id=also_run_this, execution_date=20220315T000000, start_date=20220317T122228, end_date=20220317T122229
[2022-03-17 17:52:29,258] {taskinstance.py:1245} INFO - 0 downstream tasks scheduled from follow-on schedule check
[2022-03-17 17:52:29,284] {local_task_job.py:151} INFO - Task exited with return code 0
