[2022-03-18 22:03:37,324] {taskinstance.py:876} INFO - Dependencies all met for <TaskInstance: xcom_dag.downloading_data 2022-03-18T16:32:37.146666+00:00 [queued]>
[2022-03-18 22:03:37,361] {taskinstance.py:876} INFO - Dependencies all met for <TaskInstance: xcom_dag.downloading_data 2022-03-18T16:32:37.146666+00:00 [queued]>
[2022-03-18 22:03:37,361] {taskinstance.py:1067} INFO - 
--------------------------------------------------------------------------------
[2022-03-18 22:03:37,361] {taskinstance.py:1068} INFO - Starting attempt 1 of 1
[2022-03-18 22:03:37,364] {taskinstance.py:1069} INFO - 
--------------------------------------------------------------------------------
[2022-03-18 22:03:37,398] {taskinstance.py:1087} INFO - Executing <Task(BashOperator): downloading_data> on 2022-03-18T16:32:37.146666+00:00
[2022-03-18 22:03:37,411] {standard_task_runner.py:52} INFO - Started process 15893 to run task
[2022-03-18 22:03:37,418] {standard_task_runner.py:76} INFO - Running: ['airflow', 'tasks', 'run', 'xcom_dag', 'downloading_data', '2022-03-18T16:32:37.146666+00:00', '--job-id', '81', '--pool', 'default_pool', '--raw', '--subdir', 'DAGS_FOLDER/xcom_dag.py', '--cfg-path', '/tmp/tmp3fx7h3y6', '--error-file', '/tmp/tmpt4x2ypmf']
[2022-03-18 22:03:37,421] {standard_task_runner.py:77} INFO - Job 81: Subtask downloading_data
[2022-03-18 22:03:37,512] {logging_mixin.py:104} INFO - Running <TaskInstance: xcom_dag.downloading_data 2022-03-18T16:32:37.146666+00:00 [running]> on host pc
[2022-03-18 22:03:37,649] {taskinstance.py:1282} INFO - Exporting the following env vars:
AIRFLOW_CTX_DAG_OWNER=airflow
AIRFLOW_CTX_DAG_ID=xcom_dag
AIRFLOW_CTX_TASK_ID=downloading_data
AIRFLOW_CTX_EXECUTION_DATE=2022-03-18T16:32:37.146666+00:00
AIRFLOW_CTX_DAG_RUN_ID=manual__2022-03-18T16:32:37.146666+00:00
[2022-03-18 22:03:37,650] {subprocess.py:52} INFO - Tmp dir root location: 
 /tmp
[2022-03-18 22:03:37,651] {subprocess.py:63} INFO - Running command: ['bash', '-c', 'sleep 3']
[2022-03-18 22:03:37,657] {subprocess.py:75} INFO - Output:
[2022-03-18 22:03:40,660] {subprocess.py:83} INFO - Command exited with return code 0
[2022-03-18 22:03:40,752] {taskinstance.py:1191} INFO - Marking task as SUCCESS. dag_id=xcom_dag, task_id=downloading_data, execution_date=20220318T163237, start_date=20220318T163337, end_date=20220318T163340
[2022-03-18 22:03:40,886] {taskinstance.py:1245} INFO - 0 downstream tasks scheduled from follow-on schedule check
[2022-03-18 22:03:40,920] {local_task_job.py:151} INFO - Task exited with return code 0
