[2022-03-18 22:06:12,621] {taskinstance.py:876} INFO - Dependencies all met for <TaskInstance: xcom_dag.downloading_data 2022-03-18T16:32:37.146666+00:00 [queued]>
[2022-03-18 22:06:12,665] {taskinstance.py:876} INFO - Dependencies all met for <TaskInstance: xcom_dag.downloading_data 2022-03-18T16:32:37.146666+00:00 [queued]>
[2022-03-18 22:06:12,665] {taskinstance.py:1067} INFO - 
--------------------------------------------------------------------------------
[2022-03-18 22:06:12,666] {taskinstance.py:1068} INFO - Starting attempt 2 of 2
[2022-03-18 22:06:12,667] {taskinstance.py:1069} INFO - 
--------------------------------------------------------------------------------
[2022-03-18 22:06:12,690] {taskinstance.py:1087} INFO - Executing <Task(BashOperator): downloading_data> on 2022-03-18T16:32:37.146666+00:00
[2022-03-18 22:06:12,699] {standard_task_runner.py:52} INFO - Started process 16898 to run task
[2022-03-18 22:06:12,704] {standard_task_runner.py:76} INFO - Running: ['airflow', 'tasks', 'run', 'xcom_dag', 'downloading_data', '2022-03-18T16:32:37.146666+00:00', '--job-id', '92', '--pool', 'default_pool', '--raw', '--subdir', 'DAGS_FOLDER/xcom_dag.py', '--cfg-path', '/tmp/tmp2882ykfl', '--error-file', '/tmp/tmpcn7rzddu']
[2022-03-18 22:06:12,706] {standard_task_runner.py:77} INFO - Job 92: Subtask downloading_data
[2022-03-18 22:06:12,783] {logging_mixin.py:104} INFO - Running <TaskInstance: xcom_dag.downloading_data 2022-03-18T16:32:37.146666+00:00 [running]> on host pc
[2022-03-18 22:06:12,951] {taskinstance.py:1282} INFO - Exporting the following env vars:
AIRFLOW_CTX_DAG_OWNER=airflow
AIRFLOW_CTX_DAG_ID=xcom_dag
AIRFLOW_CTX_TASK_ID=downloading_data
AIRFLOW_CTX_EXECUTION_DATE=2022-03-18T16:32:37.146666+00:00
AIRFLOW_CTX_DAG_RUN_ID=manual__2022-03-18T16:32:37.146666+00:00
[2022-03-18 22:06:12,952] {subprocess.py:52} INFO - Tmp dir root location: 
 /tmp
[2022-03-18 22:06:12,953] {subprocess.py:63} INFO - Running command: ['bash', '-c', 'sleep 3']
[2022-03-18 22:06:12,964] {subprocess.py:75} INFO - Output:
[2022-03-18 22:06:15,968] {subprocess.py:83} INFO - Command exited with return code 0
[2022-03-18 22:06:16,044] {taskinstance.py:1191} INFO - Marking task as SUCCESS. dag_id=xcom_dag, task_id=downloading_data, execution_date=20220318T163237, start_date=20220318T163612, end_date=20220318T163616
[2022-03-18 22:06:16,121] {taskinstance.py:1245} INFO - 3 downstream tasks scheduled from follow-on schedule check
[2022-03-18 22:06:16,128] {local_task_job.py:151} INFO - Task exited with return code 0
