[2022-03-18 12:27:45,655] {taskinstance.py:876} INFO - Dependencies all met for <TaskInstance: parallel_dag.task_3 2022-03-17T00:00:00+00:00 [queued]>
[2022-03-18 12:27:45,672] {taskinstance.py:876} INFO - Dependencies all met for <TaskInstance: parallel_dag.task_3 2022-03-17T00:00:00+00:00 [queued]>
[2022-03-18 12:27:45,675] {taskinstance.py:1067} INFO - 
--------------------------------------------------------------------------------
[2022-03-18 12:27:45,676] {taskinstance.py:1068} INFO - Starting attempt 1 of 1
[2022-03-18 12:27:45,676] {taskinstance.py:1069} INFO - 
--------------------------------------------------------------------------------
[2022-03-18 12:27:45,852] {taskinstance.py:1087} INFO - Executing <Task(BashOperator): task_3> on 2022-03-17T00:00:00+00:00
[2022-03-18 12:27:45,857] {standard_task_runner.py:52} INFO - Started process 6883 to run task
[2022-03-18 12:27:45,872] {standard_task_runner.py:76} INFO - Running: ['airflow', 'tasks', 'run', 'parallel_dag', 'task_3', '2022-03-17T00:00:00+00:00', '--job-id', '17', '--pool', 'default_pool', '--raw', '--subdir', 'DAGS_FOLDER/parallel_dag.py', '--cfg-path', '/tmp/tmp7ykodk24', '--error-file', '/tmp/tmp94qbp1gw']
[2022-03-18 12:27:45,875] {standard_task_runner.py:77} INFO - Job 17: Subtask task_3
[2022-03-18 12:27:46,000] {logging_mixin.py:104} INFO - Running <TaskInstance: parallel_dag.task_3 2022-03-17T00:00:00+00:00 [running]> on host pc
[2022-03-18 12:27:46,240] {taskinstance.py:1282} INFO - Exporting the following env vars:
AIRFLOW_CTX_DAG_OWNER=airflow
AIRFLOW_CTX_DAG_ID=parallel_dag
AIRFLOW_CTX_TASK_ID=task_3
AIRFLOW_CTX_EXECUTION_DATE=2022-03-17T00:00:00+00:00
AIRFLOW_CTX_DAG_RUN_ID=scheduled__2022-03-17T00:00:00+00:00
[2022-03-18 12:27:46,241] {subprocess.py:52} INFO - Tmp dir root location: 
 /tmp
[2022-03-18 12:27:46,242] {subprocess.py:63} INFO - Running command: ['bash', '-c', 'sleep 3']
[2022-03-18 12:27:46,247] {subprocess.py:75} INFO - Output:
[2022-03-18 12:27:49,250] {subprocess.py:83} INFO - Command exited with return code 0
[2022-03-18 12:27:49,377] {taskinstance.py:1191} INFO - Marking task as SUCCESS. dag_id=parallel_dag, task_id=task_3, execution_date=20220317T000000, start_date=20220318T065745, end_date=20220318T065749
[2022-03-18 12:27:49,603] {taskinstance.py:1245} INFO - 1 downstream tasks scheduled from follow-on schedule check
[2022-03-18 12:27:49,618] {local_task_job.py:151} INFO - Task exited with return code 0
[2022-03-18 12:53:28,448] {taskinstance.py:876} INFO - Dependencies all met for <TaskInstance: parallel_dag.task_3 2022-03-17T00:00:00+00:00 [queued]>
[2022-03-18 12:53:28,499] {taskinstance.py:876} INFO - Dependencies all met for <TaskInstance: parallel_dag.task_3 2022-03-17T00:00:00+00:00 [queued]>
[2022-03-18 12:53:28,499] {taskinstance.py:1067} INFO - 
--------------------------------------------------------------------------------
[2022-03-18 12:53:28,500] {taskinstance.py:1068} INFO - Starting attempt 1 of 1
[2022-03-18 12:53:28,503] {taskinstance.py:1069} INFO - 
--------------------------------------------------------------------------------
[2022-03-18 12:53:28,553] {taskinstance.py:1087} INFO - Executing <Task(BashOperator): task_3> on 2022-03-17T00:00:00+00:00
[2022-03-18 12:53:28,568] {standard_task_runner.py:52} INFO - Started process 17287 to run task
[2022-03-18 12:53:28,584] {standard_task_runner.py:76} INFO - Running: ['airflow', 'tasks', 'run', 'parallel_dag', 'task_3', '2022-03-17T00:00:00+00:00', '--job-id', '4', '--pool', 'default_pool', '--raw', '--subdir', 'DAGS_FOLDER/parallel_dag.py', '--cfg-path', '/tmp/tmpyzm7ox4d', '--error-file', '/tmp/tmpixh20xkt']
[2022-03-18 12:53:28,597] {standard_task_runner.py:77} INFO - Job 4: Subtask task_3
[2022-03-18 12:53:28,719] {logging_mixin.py:104} INFO - Running <TaskInstance: parallel_dag.task_3 2022-03-17T00:00:00+00:00 [running]> on host pc
[2022-03-18 12:53:28,867] {taskinstance.py:1282} INFO - Exporting the following env vars:
AIRFLOW_CTX_DAG_OWNER=airflow
AIRFLOW_CTX_DAG_ID=parallel_dag
AIRFLOW_CTX_TASK_ID=task_3
AIRFLOW_CTX_EXECUTION_DATE=2022-03-17T00:00:00+00:00
AIRFLOW_CTX_DAG_RUN_ID=scheduled__2022-03-17T00:00:00+00:00
[2022-03-18 12:53:28,869] {subprocess.py:52} INFO - Tmp dir root location: 
 /tmp
[2022-03-18 12:53:28,870] {subprocess.py:63} INFO - Running command: ['bash', '-c', 'sleep 3']
[2022-03-18 12:53:28,889] {subprocess.py:75} INFO - Output:
[2022-03-18 12:53:31,893] {subprocess.py:83} INFO - Command exited with return code 0
[2022-03-18 12:53:31,995] {taskinstance.py:1191} INFO - Marking task as SUCCESS. dag_id=parallel_dag, task_id=task_3, execution_date=20220317T000000, start_date=20220318T072328, end_date=20220318T072331
[2022-03-18 12:53:32,072] {taskinstance.py:1245} INFO - 0 downstream tasks scheduled from follow-on schedule check
[2022-03-18 12:53:32,091] {local_task_job.py:151} INFO - Task exited with return code 0
