[2022-03-18 12:32:32,943] {taskinstance.py:876} INFO - Dependencies all met for <TaskInstance: parallel_dag.task_3 2022-03-17T00:00:00+00:00 [queued]>
[2022-03-18 12:32:32,952] {taskinstance.py:876} INFO - Dependencies all met for <TaskInstance: parallel_dag.task_3 2022-03-17T00:00:00+00:00 [queued]>
[2022-03-18 12:32:32,952] {taskinstance.py:1067} INFO - 
--------------------------------------------------------------------------------
[2022-03-18 12:32:32,952] {taskinstance.py:1068} INFO - Starting attempt 2 of 2
[2022-03-18 12:32:32,952] {taskinstance.py:1069} INFO - 
--------------------------------------------------------------------------------
[2022-03-18 12:32:33,045] {taskinstance.py:1087} INFO - Executing <Task(BashOperator): task_3> on 2022-03-17T00:00:00+00:00
[2022-03-18 12:32:33,048] {standard_task_runner.py:52} INFO - Started process 8208 to run task
[2022-03-18 12:32:33,055] {standard_task_runner.py:76} INFO - Running: ['airflow', 'tasks', 'run', 'parallel_dag', 'task_3', '2022-03-17T00:00:00+00:00', '--job-id', '20', '--pool', 'default_pool', '--raw', '--subdir', 'DAGS_FOLDER/parallel_dag.py', '--cfg-path', '/tmp/tmpqaktiq6w', '--error-file', '/tmp/tmpc__k80yt']
[2022-03-18 12:32:33,057] {standard_task_runner.py:77} INFO - Job 20: Subtask task_3
[2022-03-18 12:32:33,314] {logging_mixin.py:104} INFO - Running <TaskInstance: parallel_dag.task_3 2022-03-17T00:00:00+00:00 [running]> on host pc
[2022-03-18 12:32:33,547] {taskinstance.py:1282} INFO - Exporting the following env vars:
AIRFLOW_CTX_DAG_OWNER=airflow
AIRFLOW_CTX_DAG_ID=parallel_dag
AIRFLOW_CTX_TASK_ID=task_3
AIRFLOW_CTX_EXECUTION_DATE=2022-03-17T00:00:00+00:00
AIRFLOW_CTX_DAG_RUN_ID=scheduled__2022-03-17T00:00:00+00:00
[2022-03-18 12:32:33,550] {subprocess.py:52} INFO - Tmp dir root location: 
 /tmp
[2022-03-18 12:32:33,550] {subprocess.py:63} INFO - Running command: ['bash', '-c', 'sleep 3']
[2022-03-18 12:32:33,564] {subprocess.py:75} INFO - Output:
[2022-03-18 12:32:36,570] {subprocess.py:83} INFO - Command exited with return code 0
[2022-03-18 12:32:36,706] {taskinstance.py:1191} INFO - Marking task as SUCCESS. dag_id=parallel_dag, task_id=task_3, execution_date=20220317T000000, start_date=20220318T070232, end_date=20220318T070236
[2022-03-18 12:32:36,929] {taskinstance.py:1245} INFO - 1 downstream tasks scheduled from follow-on schedule check
[2022-03-18 12:32:36,965] {local_task_job.py:151} INFO - Task exited with return code 0
[2022-03-18 12:56:27,651] {taskinstance.py:876} INFO - Dependencies all met for <TaskInstance: parallel_dag.task_3 2022-03-17T00:00:00+00:00 [queued]>
[2022-03-18 12:56:27,702] {taskinstance.py:876} INFO - Dependencies all met for <TaskInstance: parallel_dag.task_3 2022-03-17T00:00:00+00:00 [queued]>
[2022-03-18 12:56:27,702] {taskinstance.py:1067} INFO - 
--------------------------------------------------------------------------------
[2022-03-18 12:56:27,702] {taskinstance.py:1068} INFO - Starting attempt 2 of 2
[2022-03-18 12:56:27,704] {taskinstance.py:1069} INFO - 
--------------------------------------------------------------------------------
[2022-03-18 12:56:27,746] {taskinstance.py:1087} INFO - Executing <Task(BashOperator): task_3> on 2022-03-17T00:00:00+00:00
[2022-03-18 12:56:27,752] {standard_task_runner.py:52} INFO - Started process 19807 to run task
[2022-03-18 12:56:27,759] {standard_task_runner.py:76} INFO - Running: ['airflow', 'tasks', 'run', 'parallel_dag', 'task_3', '2022-03-17T00:00:00+00:00', '--job-id', '8', '--pool', 'default_pool', '--raw', '--subdir', 'DAGS_FOLDER/parallel_dag.py', '--cfg-path', '/tmp/tmpfbv23cew', '--error-file', '/tmp/tmpe7cknzxa']
[2022-03-18 12:56:27,764] {standard_task_runner.py:77} INFO - Job 8: Subtask task_3
[2022-03-18 12:56:27,961] {logging_mixin.py:104} INFO - Running <TaskInstance: parallel_dag.task_3 2022-03-17T00:00:00+00:00 [running]> on host pc
[2022-03-18 12:56:28,250] {taskinstance.py:1282} INFO - Exporting the following env vars:
AIRFLOW_CTX_DAG_OWNER=airflow
AIRFLOW_CTX_DAG_ID=parallel_dag
AIRFLOW_CTX_TASK_ID=task_3
AIRFLOW_CTX_EXECUTION_DATE=2022-03-17T00:00:00+00:00
AIRFLOW_CTX_DAG_RUN_ID=scheduled__2022-03-17T00:00:00+00:00
[2022-03-18 12:56:28,252] {subprocess.py:52} INFO - Tmp dir root location: 
 /tmp
[2022-03-18 12:56:28,252] {subprocess.py:63} INFO - Running command: ['bash', '-c', 'sleep 3']
[2022-03-18 12:56:28,264] {subprocess.py:75} INFO - Output:
[2022-03-18 12:56:31,265] {subprocess.py:83} INFO - Command exited with return code 0
[2022-03-18 12:56:31,344] {taskinstance.py:1191} INFO - Marking task as SUCCESS. dag_id=parallel_dag, task_id=task_3, execution_date=20220317T000000, start_date=20220318T072627, end_date=20220318T072631
[2022-03-18 12:56:31,421] {taskinstance.py:1245} INFO - 0 downstream tasks scheduled from follow-on schedule check
[2022-03-18 12:56:31,444] {local_task_job.py:151} INFO - Task exited with return code 0
