[2022-03-18 20:49:20,253] {taskinstance.py:876} INFO - Dependencies all met for <TaskInstance: xcom_dag.processing_tasks.training_model_b 2022-03-17T00:00:00+00:00 [queued]>
[2022-03-18 20:49:20,356] {taskinstance.py:876} INFO - Dependencies all met for <TaskInstance: xcom_dag.processing_tasks.training_model_b 2022-03-17T00:00:00+00:00 [queued]>
[2022-03-18 20:49:20,356] {taskinstance.py:1067} INFO - 
--------------------------------------------------------------------------------
[2022-03-18 20:49:20,357] {taskinstance.py:1068} INFO - Starting attempt 1 of 1
[2022-03-18 20:49:20,359] {taskinstance.py:1069} INFO - 
--------------------------------------------------------------------------------
[2022-03-18 20:49:20,444] {taskinstance.py:1087} INFO - Executing <Task(PythonOperator): processing_tasks.training_model_b> on 2022-03-17T00:00:00+00:00
[2022-03-18 20:49:20,493] {standard_task_runner.py:52} INFO - Started process 4558 to run task
[2022-03-18 20:49:20,531] {standard_task_runner.py:76} INFO - Running: ['airflow', 'tasks', 'run', 'xcom_dag', 'processing_tasks.training_model_b', '2022-03-17T00:00:00+00:00', '--job-id', '33', '--pool', 'default_pool', '--raw', '--subdir', 'DAGS_FOLDER/xcom_dag.py', '--cfg-path', '/tmp/tmpoo2wr23f', '--error-file', '/tmp/tmp90yfg4vp']
[2022-03-18 20:49:20,538] {standard_task_runner.py:77} INFO - Job 33: Subtask processing_tasks.training_model_b
[2022-03-18 20:49:20,843] {logging_mixin.py:104} INFO - Running <TaskInstance: xcom_dag.processing_tasks.training_model_b 2022-03-17T00:00:00+00:00 [running]> on host pc
[2022-03-18 20:49:21,148] {taskinstance.py:1282} INFO - Exporting the following env vars:
AIRFLOW_CTX_DAG_OWNER=airflow
AIRFLOW_CTX_DAG_ID=xcom_dag
AIRFLOW_CTX_TASK_ID=processing_tasks.training_model_b
AIRFLOW_CTX_EXECUTION_DATE=2022-03-17T00:00:00+00:00
AIRFLOW_CTX_DAG_RUN_ID=scheduled__2022-03-17T00:00:00+00:00
[2022-03-18 20:49:21,149] {logging_mixin.py:104} INFO - model's accuracy: 2.4511515867400684
[2022-03-18 20:49:21,150] {python.py:151} INFO - Done. Returned value was: 2.4511515867400684
[2022-03-18 20:49:21,282] {taskinstance.py:1191} INFO - Marking task as SUCCESS. dag_id=xcom_dag, task_id=processing_tasks.training_model_b, execution_date=20220317T000000, start_date=20220318T151920, end_date=20220318T151921
[2022-03-18 20:49:21,436] {taskinstance.py:1245} INFO - 1 downstream tasks scheduled from follow-on schedule check
[2022-03-18 20:49:21,474] {local_task_job.py:151} INFO - Task exited with return code 0
