[2022-03-18 20:56:25,582] {taskinstance.py:876} INFO - Dependencies all met for <TaskInstance: xcom_dag.processing_tasks.training_model_b 2022-03-17T00:00:00+00:00 [queued]>
[2022-03-18 20:56:25,637] {taskinstance.py:876} INFO - Dependencies all met for <TaskInstance: xcom_dag.processing_tasks.training_model_b 2022-03-17T00:00:00+00:00 [queued]>
[2022-03-18 20:56:25,637] {taskinstance.py:1067} INFO - 
--------------------------------------------------------------------------------
[2022-03-18 20:56:25,637] {taskinstance.py:1068} INFO - Starting attempt 2 of 2
[2022-03-18 20:56:25,638] {taskinstance.py:1069} INFO - 
--------------------------------------------------------------------------------
[2022-03-18 20:56:25,662] {taskinstance.py:1087} INFO - Executing <Task(PythonOperator): processing_tasks.training_model_b> on 2022-03-17T00:00:00+00:00
[2022-03-18 20:56:25,672] {standard_task_runner.py:52} INFO - Started process 5868 to run task
[2022-03-18 20:56:25,679] {standard_task_runner.py:76} INFO - Running: ['airflow', 'tasks', 'run', 'xcom_dag', 'processing_tasks.training_model_b', '2022-03-17T00:00:00+00:00', '--job-id', '37', '--pool', 'default_pool', '--raw', '--subdir', 'DAGS_FOLDER/xcom_dag.py', '--cfg-path', '/tmp/tmpgcmztkmw', '--error-file', '/tmp/tmp3nfyvupb']
[2022-03-18 20:56:25,681] {standard_task_runner.py:77} INFO - Job 37: Subtask processing_tasks.training_model_b
[2022-03-18 20:56:25,767] {logging_mixin.py:104} INFO - Running <TaskInstance: xcom_dag.processing_tasks.training_model_b 2022-03-17T00:00:00+00:00 [running]> on host pc
[2022-03-18 20:56:25,911] {taskinstance.py:1282} INFO - Exporting the following env vars:
AIRFLOW_CTX_DAG_OWNER=airflow
AIRFLOW_CTX_DAG_ID=xcom_dag
AIRFLOW_CTX_TASK_ID=processing_tasks.training_model_b
AIRFLOW_CTX_EXECUTION_DATE=2022-03-17T00:00:00+00:00
AIRFLOW_CTX_DAG_RUN_ID=scheduled__2022-03-17T00:00:00+00:00
[2022-03-18 20:56:25,912] {logging_mixin.py:104} INFO - model's accuracy: 9.863766926879395
[2022-03-18 20:56:25,961] {python.py:151} INFO - Done. Returned value was: None
[2022-03-18 20:56:25,994] {taskinstance.py:1191} INFO - Marking task as SUCCESS. dag_id=xcom_dag, task_id=processing_tasks.training_model_b, execution_date=20220317T000000, start_date=20220318T152625, end_date=20220318T152625
[2022-03-18 20:56:26,060] {taskinstance.py:1245} INFO - 1 downstream tasks scheduled from follow-on schedule check
[2022-03-18 20:56:26,090] {local_task_job.py:151} INFO - Task exited with return code 0
