[2022-03-18 21:58:09,284] {taskinstance.py:876} INFO - Dependencies all met for <TaskInstance: xcom_dag.processing_tasks.training_model_b 2022-03-17T00:00:00+00:00 [queued]>
[2022-03-18 21:58:09,337] {taskinstance.py:876} INFO - Dependencies all met for <TaskInstance: xcom_dag.processing_tasks.training_model_b 2022-03-17T00:00:00+00:00 [queued]>
[2022-03-18 21:58:09,338] {taskinstance.py:1067} INFO - 
--------------------------------------------------------------------------------
[2022-03-18 21:58:09,338] {taskinstance.py:1068} INFO - Starting attempt 8 of 8
[2022-03-18 21:58:09,339] {taskinstance.py:1069} INFO - 
--------------------------------------------------------------------------------
[2022-03-18 21:58:09,369] {taskinstance.py:1087} INFO - Executing <Task(PythonOperator): processing_tasks.training_model_b> on 2022-03-17T00:00:00+00:00
[2022-03-18 21:58:09,382] {standard_task_runner.py:52} INFO - Started process 14276 to run task
[2022-03-18 21:58:09,415] {standard_task_runner.py:76} INFO - Running: ['airflow', 'tasks', 'run', 'xcom_dag', 'processing_tasks.training_model_b', '2022-03-17T00:00:00+00:00', '--job-id', '75', '--pool', 'default_pool', '--raw', '--subdir', 'DAGS_FOLDER/xcom_dag.py', '--cfg-path', '/tmp/tmp4jlkuffb', '--error-file', '/tmp/tmp_xsvwpoi']
[2022-03-18 21:58:09,418] {standard_task_runner.py:77} INFO - Job 75: Subtask processing_tasks.training_model_b
[2022-03-18 21:58:09,554] {logging_mixin.py:104} INFO - Running <TaskInstance: xcom_dag.processing_tasks.training_model_b 2022-03-17T00:00:00+00:00 [running]> on host pc
[2022-03-18 21:58:09,677] {taskinstance.py:1282} INFO - Exporting the following env vars:
AIRFLOW_CTX_DAG_OWNER=airflow
AIRFLOW_CTX_DAG_ID=xcom_dag
AIRFLOW_CTX_TASK_ID=processing_tasks.training_model_b
AIRFLOW_CTX_EXECUTION_DATE=2022-03-17T00:00:00+00:00
AIRFLOW_CTX_DAG_RUN_ID=scheduled__2022-03-17T00:00:00+00:00
[2022-03-18 21:58:09,678] {logging_mixin.py:104} INFO - model's accuracy: 6.0105519608166285
[2022-03-18 21:58:09,745] {python.py:151} INFO - Done. Returned value was: None
[2022-03-18 21:58:09,780] {taskinstance.py:1191} INFO - Marking task as SUCCESS. dag_id=xcom_dag, task_id=processing_tasks.training_model_b, execution_date=20220317T000000, start_date=20220318T162809, end_date=20220318T162809
[2022-03-18 21:58:09,867] {taskinstance.py:1245} INFO - 0 downstream tasks scheduled from follow-on schedule check
[2022-03-18 21:58:09,891] {local_task_job.py:151} INFO - Task exited with return code 0
