[2022-03-17 17:52:23,398] {taskinstance.py:876} INFO - Dependencies all met for <TaskInstance: example_bash_operator.runme_2 2022-03-15T00:00:00+00:00 [queued]>
[2022-03-17 17:52:23,405] {taskinstance.py:876} INFO - Dependencies all met for <TaskInstance: example_bash_operator.runme_2 2022-03-15T00:00:00+00:00 [queued]>
[2022-03-17 17:52:23,406] {taskinstance.py:1067} INFO - 
--------------------------------------------------------------------------------
[2022-03-17 17:52:23,406] {taskinstance.py:1068} INFO - Starting attempt 1 of 1
[2022-03-17 17:52:23,406] {taskinstance.py:1069} INFO - 
--------------------------------------------------------------------------------
[2022-03-17 17:52:23,490] {taskinstance.py:1087} INFO - Executing <Task(BashOperator): runme_2> on 2022-03-15T00:00:00+00:00
[2022-03-17 17:52:23,494] {standard_task_runner.py:52} INFO - Started process 17778 to run task
[2022-03-17 17:52:23,504] {standard_task_runner.py:76} INFO - Running: ['airflow', 'tasks', 'run', 'example_bash_operator', 'runme_2', '2022-03-15T00:00:00+00:00', '--job-id', '4', '--pool', 'default_pool', '--raw', '--subdir', '/home/anupam/venv/lib/python3.6/site-packages/airflow/example_dags/example_bash_operator.py', '--cfg-path', '/tmp/tmp9351gvjc', '--error-file', '/tmp/tmp0rifmws2']
[2022-03-17 17:52:23,509] {standard_task_runner.py:77} INFO - Job 4: Subtask runme_2
[2022-03-17 17:52:23,626] {logging_mixin.py:104} INFO - Running <TaskInstance: example_bash_operator.runme_2 2022-03-15T00:00:00+00:00 [running]> on host pc
[2022-03-17 17:52:23,790] {taskinstance.py:1282} INFO - Exporting the following env vars:
AIRFLOW_CTX_DAG_OWNER=airflow
AIRFLOW_CTX_DAG_ID=example_bash_operator
AIRFLOW_CTX_TASK_ID=runme_2
AIRFLOW_CTX_EXECUTION_DATE=2022-03-15T00:00:00+00:00
AIRFLOW_CTX_DAG_RUN_ID=scheduled__2022-03-15T00:00:00+00:00
[2022-03-17 17:52:23,791] {subprocess.py:52} INFO - Tmp dir root location: 
 /tmp
[2022-03-17 17:52:23,792] {subprocess.py:63} INFO - Running command: ['bash', '-c', 'echo "example_bash_operator__runme_2__20220315" && sleep 1']
[2022-03-17 17:52:23,797] {subprocess.py:75} INFO - Output:
[2022-03-17 17:52:23,799] {subprocess.py:79} INFO - example_bash_operator__runme_2__20220315
[2022-03-17 17:52:24,800] {subprocess.py:83} INFO - Command exited with return code 0
[2022-03-17 17:52:24,880] {taskinstance.py:1191} INFO - Marking task as SUCCESS. dag_id=example_bash_operator, task_id=runme_2, execution_date=20220315T000000, start_date=20220317T122223, end_date=20220317T122224
[2022-03-17 17:52:25,072] {taskinstance.py:1245} INFO - 1 downstream tasks scheduled from follow-on schedule check
[2022-03-17 17:52:25,082] {local_task_job.py:151} INFO - Task exited with return code 0
