[2022-03-18 22:03:41,735] {taskinstance.py:876} INFO - Dependencies all met for <TaskInstance: xcom_dag.processing_tasks.training_model_b 2022-03-18T16:29:20.447235+00:00 [queued]>
[2022-03-18 22:03:41,810] {taskinstance.py:876} INFO - Dependencies all met for <TaskInstance: xcom_dag.processing_tasks.training_model_b 2022-03-18T16:29:20.447235+00:00 [queued]>
[2022-03-18 22:03:41,811] {taskinstance.py:1067} INFO - 
--------------------------------------------------------------------------------
[2022-03-18 22:03:41,811] {taskinstance.py:1068} INFO - Starting attempt 1 of 1
[2022-03-18 22:03:41,813] {taskinstance.py:1069} INFO - 
--------------------------------------------------------------------------------
[2022-03-18 22:03:41,848] {taskinstance.py:1087} INFO - Executing <Task(PythonOperator): processing_tasks.training_model_b> on 2022-03-18T16:29:20.447235+00:00
[2022-03-18 22:03:41,858] {standard_task_runner.py:52} INFO - Started process 16008 to run task
[2022-03-18 22:03:41,887] {standard_task_runner.py:76} INFO - Running: ['airflow', 'tasks', 'run', 'xcom_dag', 'processing_tasks.training_model_b', '2022-03-18T16:29:20.447235+00:00', '--job-id', '87', '--pool', 'default_pool', '--raw', '--subdir', 'DAGS_FOLDER/xcom_dag.py', '--cfg-path', '/tmp/tmp8m480rdc', '--error-file', '/tmp/tmp33h0zja0']
[2022-03-18 22:03:41,895] {standard_task_runner.py:77} INFO - Job 87: Subtask processing_tasks.training_model_b
[2022-03-18 22:03:42,091] {logging_mixin.py:104} INFO - Running <TaskInstance: xcom_dag.processing_tasks.training_model_b 2022-03-18T16:29:20.447235+00:00 [running]> on host pc
[2022-03-18 22:03:42,739] {taskinstance.py:1282} INFO - Exporting the following env vars:
AIRFLOW_CTX_DAG_OWNER=airflow
AIRFLOW_CTX_DAG_ID=xcom_dag
AIRFLOW_CTX_TASK_ID=processing_tasks.training_model_b
AIRFLOW_CTX_EXECUTION_DATE=2022-03-18T16:29:20.447235+00:00
AIRFLOW_CTX_DAG_RUN_ID=manual__2022-03-18T16:29:20.447235+00:00
[2022-03-18 22:03:42,744] {logging_mixin.py:104} INFO - model's accuracy: 1.0816674301087499
[2022-03-18 22:03:42,878] {python.py:151} INFO - Done. Returned value was: None
[2022-03-18 22:03:42,937] {taskinstance.py:1191} INFO - Marking task as SUCCESS. dag_id=xcom_dag, task_id=processing_tasks.training_model_b, execution_date=20220318T162920, start_date=20220318T163341, end_date=20220318T163342
[2022-03-18 22:03:43,169] {taskinstance.py:1245} INFO - 1 downstream tasks scheduled from follow-on schedule check
[2022-03-18 22:03:43,208] {local_task_job.py:151} INFO - Task exited with return code 0
