[2022-03-18 19:48:53,489] {taskinstance.py:876} INFO - Dependencies all met for <TaskInstance: parallel_dag.processing_task 2022-03-17T00:00:00+00:00 [queued]>
[2022-03-18 19:48:53,614] {taskinstance.py:876} INFO - Dependencies all met for <TaskInstance: parallel_dag.processing_task 2022-03-17T00:00:00+00:00 [queued]>
[2022-03-18 19:48:53,615] {taskinstance.py:1067} INFO - 
--------------------------------------------------------------------------------
[2022-03-18 19:48:53,615] {taskinstance.py:1068} INFO - Starting attempt 1 of 1
[2022-03-18 19:48:53,626] {taskinstance.py:1069} INFO - 
--------------------------------------------------------------------------------
[2022-03-18 19:48:53,680] {taskinstance.py:1087} INFO - Executing <Task(SubDagOperator): processing_task> on 2022-03-17T00:00:00+00:00
[2022-03-18 19:48:53,699] {standard_task_runner.py:52} INFO - Started process 26535 to run task
[2022-03-18 19:48:53,712] {standard_task_runner.py:76} INFO - Running: ['airflow', 'tasks', 'run', 'parallel_dag', 'processing_task', '2022-03-17T00:00:00+00:00', '--job-id', '22', '--pool', 'default_pool', '--raw', '--subdir', 'DAGS_FOLDER/parallel_dag.py', '--cfg-path', '/tmp/tmpmbgtiz6e', '--error-file', '/tmp/tmpfbbd4n7q']
[2022-03-18 19:48:53,720] {standard_task_runner.py:77} INFO - Job 22: Subtask processing_task
[2022-03-18 19:48:53,879] {logging_mixin.py:104} INFO - Running <TaskInstance: parallel_dag.processing_task 2022-03-17T00:00:00+00:00 [running]> on host pc
[2022-03-18 19:48:54,079] {taskinstance.py:1282} INFO - Exporting the following env vars:
AIRFLOW_CTX_DAG_OWNER=airflow
AIRFLOW_CTX_DAG_ID=parallel_dag
AIRFLOW_CTX_TASK_ID=processing_task
AIRFLOW_CTX_EXECUTION_DATE=2022-03-17T00:00:00+00:00
AIRFLOW_CTX_DAG_RUN_ID=scheduled__2022-03-17T00:00:00+00:00
[2022-03-18 19:48:54,156] {subdag.py:155} INFO - Created DagRun: scheduled__2022-03-17T00:00:00+00:00
[2022-03-18 19:49:54,247] {base.py:243} INFO - Success criteria met. Exiting.
[2022-03-18 19:49:54,270] {subdag.py:169} INFO - Execution finished. State is success
[2022-03-18 19:49:54,299] {taskinstance.py:1191} INFO - Marking task as SUCCESS. dag_id=parallel_dag, task_id=processing_task, execution_date=20220317T000000, start_date=20220318T141853, end_date=20220318T141954
[2022-03-18 19:49:54,376] {taskinstance.py:1245} INFO - 1 downstream tasks scheduled from follow-on schedule check
[2022-03-18 19:49:54,418] {local_task_job.py:151} INFO - Task exited with return code 0
