[2022-03-18 22:03:46,857] {taskinstance.py:876} INFO - Dependencies all met for <TaskInstance: xcom_dag.is_accurate 2022-03-18T16:32:37.146666+00:00 [queued]>
[2022-03-18 22:03:46,902] {taskinstance.py:876} INFO - Dependencies all met for <TaskInstance: xcom_dag.is_accurate 2022-03-18T16:32:37.146666+00:00 [queued]>
[2022-03-18 22:03:46,906] {taskinstance.py:1067} INFO - 
--------------------------------------------------------------------------------
[2022-03-18 22:03:46,906] {taskinstance.py:1068} INFO - Starting attempt 1 of 1
[2022-03-18 22:03:46,914] {taskinstance.py:1069} INFO - 
--------------------------------------------------------------------------------
[2022-03-18 22:03:46,943] {taskinstance.py:1087} INFO - Executing <Task(BranchPythonOperator): is_accurate> on 2022-03-18T16:32:37.146666+00:00
[2022-03-18 22:03:46,952] {standard_task_runner.py:52} INFO - Started process 16198 to run task
[2022-03-18 22:03:46,969] {standard_task_runner.py:76} INFO - Running: ['airflow', 'tasks', 'run', 'xcom_dag', 'is_accurate', '2022-03-18T16:32:37.146666+00:00', '--job-id', '90', '--pool', 'default_pool', '--raw', '--subdir', 'DAGS_FOLDER/xcom_dag.py', '--cfg-path', '/tmp/tmpc5_ljudp', '--error-file', '/tmp/tmpe07iwgqq']
[2022-03-18 22:03:47,004] {standard_task_runner.py:77} INFO - Job 90: Subtask is_accurate
[2022-03-18 22:03:47,142] {logging_mixin.py:104} INFO - Running <TaskInstance: xcom_dag.is_accurate 2022-03-18T16:32:37.146666+00:00 [running]> on host pc
[2022-03-18 22:03:47,291] {taskinstance.py:1282} INFO - Exporting the following env vars:
AIRFLOW_CTX_DAG_OWNER=airflow
AIRFLOW_CTX_DAG_ID=xcom_dag
AIRFLOW_CTX_TASK_ID=is_accurate
AIRFLOW_CTX_EXECUTION_DATE=2022-03-18T16:32:37.146666+00:00
AIRFLOW_CTX_DAG_RUN_ID=manual__2022-03-18T16:32:37.146666+00:00
[2022-03-18 22:03:47,306] {logging_mixin.py:104} INFO - [5.751068128795254]
[2022-03-18 22:03:47,307] {python.py:151} INFO - Done. Returned value was: accurate
[2022-03-18 22:03:47,307] {skipmixin.py:124} INFO - Following branch accurate
[2022-03-18 22:03:47,329] {skipmixin.py:155} INFO - Skipping tasks ['inaccurate']
[2022-03-18 22:03:47,484] {taskinstance.py:1191} INFO - Marking task as SUCCESS. dag_id=xcom_dag, task_id=is_accurate, execution_date=20220318T163237, start_date=20220318T163346, end_date=20220318T163347
[2022-03-18 22:03:47,583] {taskinstance.py:1245} INFO - 1 downstream tasks scheduled from follow-on schedule check
[2022-03-18 22:03:47,591] {local_task_job.py:151} INFO - Task exited with return code 0
