[2022-03-18 22:06:19,663] {taskinstance.py:876} INFO - Dependencies all met for <TaskInstance: xcom_dag.is_accurate 2022-03-18T16:32:37.146666+00:00 [queued]>
[2022-03-18 22:06:19,747] {taskinstance.py:876} INFO - Dependencies all met for <TaskInstance: xcom_dag.is_accurate 2022-03-18T16:32:37.146666+00:00 [queued]>
[2022-03-18 22:06:19,749] {taskinstance.py:1067} INFO - 
--------------------------------------------------------------------------------
[2022-03-18 22:06:19,750] {taskinstance.py:1068} INFO - Starting attempt 2 of 2
[2022-03-18 22:06:19,753] {taskinstance.py:1069} INFO - 
--------------------------------------------------------------------------------
[2022-03-18 22:06:19,794] {taskinstance.py:1087} INFO - Executing <Task(BranchPythonOperator): is_accurate> on 2022-03-18T16:32:37.146666+00:00
[2022-03-18 22:06:19,820] {standard_task_runner.py:52} INFO - Started process 17068 to run task
[2022-03-18 22:06:19,835] {standard_task_runner.py:76} INFO - Running: ['airflow', 'tasks', 'run', 'xcom_dag', 'is_accurate', '2022-03-18T16:32:37.146666+00:00', '--job-id', '97', '--pool', 'default_pool', '--raw', '--subdir', 'DAGS_FOLDER/xcom_dag.py', '--cfg-path', '/tmp/tmplwaedu21', '--error-file', '/tmp/tmps9kvz8er']
[2022-03-18 22:06:19,843] {standard_task_runner.py:77} INFO - Job 97: Subtask is_accurate
[2022-03-18 22:06:19,998] {logging_mixin.py:104} INFO - Running <TaskInstance: xcom_dag.is_accurate 2022-03-18T16:32:37.146666+00:00 [running]> on host pc
[2022-03-18 22:06:20,152] {taskinstance.py:1282} INFO - Exporting the following env vars:
AIRFLOW_CTX_DAG_OWNER=airflow
AIRFLOW_CTX_DAG_ID=xcom_dag
AIRFLOW_CTX_TASK_ID=is_accurate
AIRFLOW_CTX_EXECUTION_DATE=2022-03-18T16:32:37.146666+00:00
AIRFLOW_CTX_DAG_RUN_ID=manual__2022-03-18T16:32:37.146666+00:00
[2022-03-18 22:06:20,170] {logging_mixin.py:104} INFO - [7.964694417420323]
[2022-03-18 22:06:20,171] {python.py:151} INFO - Done. Returned value was: accurate
[2022-03-18 22:06:20,171] {skipmixin.py:124} INFO - Following branch accurate
[2022-03-18 22:06:20,188] {skipmixin.py:155} INFO - Skipping tasks ['inaccurate']
[2022-03-18 22:06:20,330] {taskinstance.py:1191} INFO - Marking task as SUCCESS. dag_id=xcom_dag, task_id=is_accurate, execution_date=20220318T163237, start_date=20220318T163619, end_date=20220318T163620
[2022-03-18 22:06:20,429] {taskinstance.py:1245} INFO - 1 downstream tasks scheduled from follow-on schedule check
[2022-03-18 22:06:20,440] {local_task_job.py:151} INFO - Task exited with return code 0
