[2022-03-18 22:03:41,677] {taskinstance.py:876} INFO - Dependencies all met for <TaskInstance: xcom_dag.processing_tasks.training_model_c 2022-03-18T16:32:37.146666+00:00 [queued]>
[2022-03-18 22:03:41,753] {taskinstance.py:876} INFO - Dependencies all met for <TaskInstance: xcom_dag.processing_tasks.training_model_c 2022-03-18T16:32:37.146666+00:00 [queued]>
[2022-03-18 22:03:41,753] {taskinstance.py:1067} INFO - 
--------------------------------------------------------------------------------
[2022-03-18 22:03:41,754] {taskinstance.py:1068} INFO - Starting attempt 1 of 1
[2022-03-18 22:03:41,756] {taskinstance.py:1069} INFO - 
--------------------------------------------------------------------------------
[2022-03-18 22:03:41,804] {taskinstance.py:1087} INFO - Executing <Task(PythonOperator): processing_tasks.training_model_c> on 2022-03-18T16:32:37.146666+00:00
[2022-03-18 22:03:41,814] {standard_task_runner.py:52} INFO - Started process 16003 to run task
[2022-03-18 22:03:41,834] {standard_task_runner.py:76} INFO - Running: ['airflow', 'tasks', 'run', 'xcom_dag', 'processing_tasks.training_model_c', '2022-03-18T16:32:37.146666+00:00', '--job-id', '84', '--pool', 'default_pool', '--raw', '--subdir', 'DAGS_FOLDER/xcom_dag.py', '--cfg-path', '/tmp/tmp999p2oa_', '--error-file', '/tmp/tmpfemm60gq']
[2022-03-18 22:03:41,837] {standard_task_runner.py:77} INFO - Job 84: Subtask processing_tasks.training_model_c
[2022-03-18 22:03:42,005] {logging_mixin.py:104} INFO - Running <TaskInstance: xcom_dag.processing_tasks.training_model_c 2022-03-18T16:32:37.146666+00:00 [running]> on host pc
[2022-03-18 22:03:42,398] {taskinstance.py:1282} INFO - Exporting the following env vars:
AIRFLOW_CTX_DAG_OWNER=airflow
AIRFLOW_CTX_DAG_ID=xcom_dag
AIRFLOW_CTX_TASK_ID=processing_tasks.training_model_c
AIRFLOW_CTX_EXECUTION_DATE=2022-03-18T16:32:37.146666+00:00
AIRFLOW_CTX_DAG_RUN_ID=manual__2022-03-18T16:32:37.146666+00:00
[2022-03-18 22:03:42,400] {logging_mixin.py:104} INFO - model's accuracy: 0.32217639649397256
[2022-03-18 22:03:42,538] {python.py:151} INFO - Done. Returned value was: None
[2022-03-18 22:03:42,615] {taskinstance.py:1191} INFO - Marking task as SUCCESS. dag_id=xcom_dag, task_id=processing_tasks.training_model_c, execution_date=20220318T163237, start_date=20220318T163341, end_date=20220318T163342
[2022-03-18 22:03:42,879] {taskinstance.py:1245} INFO - 0 downstream tasks scheduled from follow-on schedule check
[2022-03-18 22:03:42,914] {local_task_job.py:151} INFO - Task exited with return code 0
