[2022-03-18 22:06:17,564] {taskinstance.py:876} INFO - Dependencies all met for <TaskInstance: xcom_dag.processing_tasks.training_model_c 2022-03-18T16:32:37.146666+00:00 [queued]>
[2022-03-18 22:06:17,617] {taskinstance.py:876} INFO - Dependencies all met for <TaskInstance: xcom_dag.processing_tasks.training_model_c 2022-03-18T16:32:37.146666+00:00 [queued]>
[2022-03-18 22:06:17,617] {taskinstance.py:1067} INFO - 
--------------------------------------------------------------------------------
[2022-03-18 22:06:17,617] {taskinstance.py:1068} INFO - Starting attempt 2 of 2
[2022-03-18 22:06:17,619] {taskinstance.py:1069} INFO - 
--------------------------------------------------------------------------------
[2022-03-18 22:06:17,649] {taskinstance.py:1087} INFO - Executing <Task(PythonOperator): processing_tasks.training_model_c> on 2022-03-18T16:32:37.146666+00:00
[2022-03-18 22:06:17,656] {standard_task_runner.py:52} INFO - Started process 16963 to run task
[2022-03-18 22:06:17,667] {standard_task_runner.py:76} INFO - Running: ['airflow', 'tasks', 'run', 'xcom_dag', 'processing_tasks.training_model_c', '2022-03-18T16:32:37.146666+00:00', '--job-id', '94', '--pool', 'default_pool', '--raw', '--subdir', 'DAGS_FOLDER/xcom_dag.py', '--cfg-path', '/tmp/tmpd7oe3440', '--error-file', '/tmp/tmpd222jjua']
[2022-03-18 22:06:17,671] {standard_task_runner.py:77} INFO - Job 94: Subtask processing_tasks.training_model_c
[2022-03-18 22:06:17,767] {logging_mixin.py:104} INFO - Running <TaskInstance: xcom_dag.processing_tasks.training_model_c 2022-03-18T16:32:37.146666+00:00 [running]> on host pc
[2022-03-18 22:06:17,917] {taskinstance.py:1282} INFO - Exporting the following env vars:
AIRFLOW_CTX_DAG_OWNER=airflow
AIRFLOW_CTX_DAG_ID=xcom_dag
AIRFLOW_CTX_TASK_ID=processing_tasks.training_model_c
AIRFLOW_CTX_EXECUTION_DATE=2022-03-18T16:32:37.146666+00:00
AIRFLOW_CTX_DAG_RUN_ID=manual__2022-03-18T16:32:37.146666+00:00
[2022-03-18 22:06:17,918] {logging_mixin.py:104} INFO - model's accuracy: 2.4511515867400684
[2022-03-18 22:06:17,983] {python.py:151} INFO - Done. Returned value was: None
[2022-03-18 22:06:18,014] {taskinstance.py:1191} INFO - Marking task as SUCCESS. dag_id=xcom_dag, task_id=processing_tasks.training_model_c, execution_date=20220318T163237, start_date=20220318T163617, end_date=20220318T163618
[2022-03-18 22:06:18,114] {taskinstance.py:1245} INFO - 0 downstream tasks scheduled from follow-on schedule check
[2022-03-18 22:06:18,158] {local_task_job.py:151} INFO - Task exited with return code 0
