[2022-03-18 22:06:17,611] {taskinstance.py:876} INFO - Dependencies all met for <TaskInstance: xcom_dag.processing_tasks.training_model_b 2022-03-18T16:32:37.146666+00:00 [queued]>
[2022-03-18 22:06:17,656] {taskinstance.py:876} INFO - Dependencies all met for <TaskInstance: xcom_dag.processing_tasks.training_model_b 2022-03-18T16:32:37.146666+00:00 [queued]>
[2022-03-18 22:06:17,656] {taskinstance.py:1067} INFO - 
--------------------------------------------------------------------------------
[2022-03-18 22:06:17,656] {taskinstance.py:1068} INFO - Starting attempt 2 of 2
[2022-03-18 22:06:17,659] {taskinstance.py:1069} INFO - 
--------------------------------------------------------------------------------
[2022-03-18 22:06:17,682] {taskinstance.py:1087} INFO - Executing <Task(PythonOperator): processing_tasks.training_model_b> on 2022-03-18T16:32:37.146666+00:00
[2022-03-18 22:06:17,691] {standard_task_runner.py:52} INFO - Started process 16967 to run task
[2022-03-18 22:06:17,700] {standard_task_runner.py:76} INFO - Running: ['airflow', 'tasks', 'run', 'xcom_dag', 'processing_tasks.training_model_b', '2022-03-18T16:32:37.146666+00:00', '--job-id', '95', '--pool', 'default_pool', '--raw', '--subdir', 'DAGS_FOLDER/xcom_dag.py', '--cfg-path', '/tmp/tmprbpcgf70', '--error-file', '/tmp/tmpz10_5g8d']
[2022-03-18 22:06:17,703] {standard_task_runner.py:77} INFO - Job 95: Subtask processing_tasks.training_model_b
[2022-03-18 22:06:17,819] {logging_mixin.py:104} INFO - Running <TaskInstance: xcom_dag.processing_tasks.training_model_b 2022-03-18T16:32:37.146666+00:00 [running]> on host pc
[2022-03-18 22:06:17,955] {taskinstance.py:1282} INFO - Exporting the following env vars:
AIRFLOW_CTX_DAG_OWNER=airflow
AIRFLOW_CTX_DAG_ID=xcom_dag
AIRFLOW_CTX_TASK_ID=processing_tasks.training_model_b
AIRFLOW_CTX_EXECUTION_DATE=2022-03-18T16:32:37.146666+00:00
AIRFLOW_CTX_DAG_RUN_ID=manual__2022-03-18T16:32:37.146666+00:00
[2022-03-18 22:06:17,960] {logging_mixin.py:104} INFO - model's accuracy: 5.958440793702455
[2022-03-18 22:06:18,026] {python.py:151} INFO - Done. Returned value was: None
[2022-03-18 22:06:18,058] {taskinstance.py:1191} INFO - Marking task as SUCCESS. dag_id=xcom_dag, task_id=processing_tasks.training_model_b, execution_date=20220318T163237, start_date=20220318T163617, end_date=20220318T163618
[2022-03-18 22:06:18,136] {taskinstance.py:1245} INFO - 1 downstream tasks scheduled from follow-on schedule check
[2022-03-18 22:06:18,148] {local_task_job.py:151} INFO - Task exited with return code 0
