[2022-03-18 22:03:41,646] {taskinstance.py:876} INFO - Dependencies all met for <TaskInstance: xcom_dag.processing_tasks.training_model_a 2022-03-18T16:32:37.146666+00:00 [queued]>
[2022-03-18 22:03:41,738] {taskinstance.py:876} INFO - Dependencies all met for <TaskInstance: xcom_dag.processing_tasks.training_model_a 2022-03-18T16:32:37.146666+00:00 [queued]>
[2022-03-18 22:03:41,738] {taskinstance.py:1067} INFO - 
--------------------------------------------------------------------------------
[2022-03-18 22:03:41,738] {taskinstance.py:1068} INFO - Starting attempt 1 of 1
[2022-03-18 22:03:41,741] {taskinstance.py:1069} INFO - 
--------------------------------------------------------------------------------
[2022-03-18 22:03:41,783] {taskinstance.py:1087} INFO - Executing <Task(PythonOperator): processing_tasks.training_model_a> on 2022-03-18T16:32:37.146666+00:00
[2022-03-18 22:03:41,805] {standard_task_runner.py:52} INFO - Started process 16002 to run task
[2022-03-18 22:03:41,819] {standard_task_runner.py:76} INFO - Running: ['airflow', 'tasks', 'run', 'xcom_dag', 'processing_tasks.training_model_a', '2022-03-18T16:32:37.146666+00:00', '--job-id', '83', '--pool', 'default_pool', '--raw', '--subdir', 'DAGS_FOLDER/xcom_dag.py', '--cfg-path', '/tmp/tmp8d9pt0zx', '--error-file', '/tmp/tmp0ww4zxe7']
[2022-03-18 22:03:41,823] {standard_task_runner.py:77} INFO - Job 83: Subtask processing_tasks.training_model_a
[2022-03-18 22:03:42,021] {logging_mixin.py:104} INFO - Running <TaskInstance: xcom_dag.processing_tasks.training_model_a 2022-03-18T16:32:37.146666+00:00 [running]> on host pc
[2022-03-18 22:03:42,367] {taskinstance.py:1282} INFO - Exporting the following env vars:
AIRFLOW_CTX_DAG_OWNER=airflow
AIRFLOW_CTX_DAG_ID=xcom_dag
AIRFLOW_CTX_TASK_ID=processing_tasks.training_model_a
AIRFLOW_CTX_EXECUTION_DATE=2022-03-18T16:32:37.146666+00:00
AIRFLOW_CTX_DAG_RUN_ID=manual__2022-03-18T16:32:37.146666+00:00
[2022-03-18 22:03:42,372] {logging_mixin.py:104} INFO - model's accuracy: 5.751068128795254
[2022-03-18 22:03:42,604] {python.py:151} INFO - Done. Returned value was: None
[2022-03-18 22:03:42,690] {taskinstance.py:1191} INFO - Marking task as SUCCESS. dag_id=xcom_dag, task_id=processing_tasks.training_model_a, execution_date=20220318T163237, start_date=20220318T163341, end_date=20220318T163342
[2022-03-18 22:03:42,914] {taskinstance.py:1245} INFO - 0 downstream tasks scheduled from follow-on schedule check
[2022-03-18 22:03:42,982] {local_task_job.py:151} INFO - Task exited with return code 0
